SPARK Simplifier Pro Edition, Version 8.1.4, Build Date 20090925, Build 14331
Copyright (C) 2009 Praxis High Integrity Systems Ltd., Bath, U.K.

Reading 
          /afs/inf.ed.ac.uk/user/p/pbj/praxis/autop/work4/scale/scale_movement.fdl 
          (for inherited FDL type declarations)
Processing 
          /afs/inf.ed.ac.uk/user/p/pbj/praxis/autop/work4/scale/scale_movement.vcg 
          ...
Simplified VC: 1 - All conclusions proved
Simplified VC: 2 - All conclusions proved
Simplified VC: 3 - All conclusions proved
Simplified VC: 4 - All conclusions proved
Simplified VC: 5 - All conclusions proved
Simplified VC: 6 - All conclusions proved
Simplified VC: 7 - All conclusions proved
Simplified VC: 8 - All conclusions proved
Simplified VC: 9 - All conclusions proved
Simplified VC: 10 - All conclusions proved
Simplified VC: 11 - All conclusions proved
Simplified VC: 12 - All conclusions proved
Simplified VC: 13 - All conclusions proved
Simplified VC: 14 - All conclusions proved
Simplified VC: 15 - All conclusions proved
Simplified VC: 16 - 1 conclusion remains unproven
Simplified VC: 17 - All conclusions proved
Simplified VC: 18 - All conclusions proved
Simplified VC: 19 - 1 conclusion remains unproven
Simplified VC: 20 - 1 conclusion remains unproven



Automatic simplification completed.

Simplified output sent to 
          /afs/inf.ed.ac.uk/user/p/pbj/praxis/autop/work4/scale/scale_movement.siv.
          
