-------------------------------------------------------------------------------
                          Semantic Analysis Summary                            
      POGS Pro Edition, Version 8.1.4, Build Date 20090925, Build 14331        
      Copyright (C) 2009 Praxis High Integrity Systems Ltd., Bath, U.K.        
-------------------------------------------------------------------------------

Reading file structure ...

Processing file /afs/inf.ed.ac.uk/user/p/pbj/praxis/hilton/work5/Code/airspeed/cycle.vcg

Processing file /afs/inf.ed.ac.uk/user/p/pbj/praxis/hilton/work5/Code/airspeed/cycle.siv

Processing file /afs/inf.ed.ac.uk/user/p/pbj/praxis/hilton/work5/Code/airspeed/cycle.slg

Processing file /afs/inf.ed.ac.uk/user/p/pbj/praxis/hilton/work5/Code/airspeed/extrapolate_speed.vcg

Processing file /afs/inf.ed.ac.uk/user/p/pbj/praxis/hilton/work5/Code/airspeed/extrapolate_speed.siv

Processing file /afs/inf.ed.ac.uk/user/p/pbj/praxis/hilton/work5/Code/airspeed/extrapolate_speed.slg

Processing file /afs/inf.ed.ac.uk/user/p/pbj/praxis/hilton/work5/Code/airspeed/fail_next_bit.vcg

Processing file /afs/inf.ed.ac.uk/user/p/pbj/praxis/hilton/work5/Code/airspeed/fail_next_bit.siv

Processing file /afs/inf.ed.ac.uk/user/p/pbj/praxis/hilton/work5/Code/airspeed/fail_next_bit.slg

Processing file /afs/inf.ed.ac.uk/user/p/pbj/praxis/hilton/work5/Code/airspeed/init.vcg

Processing file /afs/inf.ed.ac.uk/user/p/pbj/praxis/hilton/work5/Code/airspeed/init.siv

Processing file /afs/inf.ed.ac.uk/user/p/pbj/praxis/hilton/work5/Code/airspeed/init.slg

Processing file /afs/inf.ed.ac.uk/user/p/pbj/praxis/hilton/work5/Code/airspeed/read_accel.vcg

Processing file /afs/inf.ed.ac.uk/user/p/pbj/praxis/hilton/work5/Code/airspeed/read_accel.siv

Processing file /afs/inf.ed.ac.uk/user/p/pbj/praxis/hilton/work5/Code/airspeed/read_accel.slg

Processing file /afs/inf.ed.ac.uk/user/p/pbj/praxis/hilton/work5/Code/airspeed/read_airspeed.vcg

Processing file /afs/inf.ed.ac.uk/user/p/pbj/praxis/hilton/work5/Code/airspeed/read_airspeed.siv

Processing file /afs/inf.ed.ac.uk/user/p/pbj/praxis/hilton/work5/Code/airspeed/read_airspeed.slg

Processing file /afs/inf.ed.ac.uk/user/p/pbj/praxis/hilton/work5/Code/airspeed/read_bit_status.vcg

Processing file /afs/inf.ed.ac.uk/user/p/pbj/praxis/hilton/work5/Code/airspeed/read_bit_status.siv

Processing file /afs/inf.ed.ac.uk/user/p/pbj/praxis/hilton/work5/Code/airspeed/read_bit_status.slg

Processing file /afs/inf.ed.ac.uk/user/p/pbj/praxis/hilton/work5/Code/airspeed/set_airspeed_profile.vcg

Processing file /afs/inf.ed.ac.uk/user/p/pbj/praxis/hilton/work5/Code/airspeed/set_airspeed_profile.siv

Processing file /afs/inf.ed.ac.uk/user/p/pbj/praxis/hilton/work5/Code/airspeed/set_airspeed_profile.slg

Processing file /afs/inf.ed.ac.uk/user/p/pbj/praxis/hilton/work5/Code/barometer/cycle.vcg

Processing file /afs/inf.ed.ac.uk/user/p/pbj/praxis/hilton/work5/Code/barometer/cycle.siv

Processing file /afs/inf.ed.ac.uk/user/p/pbj/praxis/hilton/work5/Code/barometer/cycle.slg

Processing file /afs/inf.ed.ac.uk/user/p/pbj/praxis/hilton/work5/Code/barometer/extrapolate_height.vcg

Processing file /afs/inf.ed.ac.uk/user/p/pbj/praxis/hilton/work5/Code/barometer/extrapolate_height.siv

Processing file /afs/inf.ed.ac.uk/user/p/pbj/praxis/hilton/work5/Code/barometer/extrapolate_height.slg

Processing file /afs/inf.ed.ac.uk/user/p/pbj/praxis/hilton/work5/Code/barometer/fail_next_bit.vcg

Processing file /afs/inf.ed.ac.uk/user/p/pbj/praxis/hilton/work5/Code/barometer/fail_next_bit.siv

Processing file /afs/inf.ed.ac.uk/user/p/pbj/praxis/hilton/work5/Code/barometer/fail_next_bit.slg

Processing file /afs/inf.ed.ac.uk/user/p/pbj/praxis/hilton/work5/Code/barometer/init.vcg

Processing file /afs/inf.ed.ac.uk/user/p/pbj/praxis/hilton/work5/Code/barometer/init.siv

Processing file /afs/inf.ed.ac.uk/user/p/pbj/praxis/hilton/work5/Code/barometer/init.slg

Processing file /afs/inf.ed.ac.uk/user/p/pbj/praxis/hilton/work5/Code/barometer/read_altitude.vcg

Processing file /afs/inf.ed.ac.uk/user/p/pbj/praxis/hilton/work5/Code/barometer/read_altitude.siv

Processing file /afs/inf.ed.ac.uk/user/p/pbj/praxis/hilton/work5/Code/barometer/read_altitude.slg

Processing file /afs/inf.ed.ac.uk/user/p/pbj/praxis/hilton/work5/Code/barometer/set_altitude_profile.vcg

Processing file /afs/inf.ed.ac.uk/user/p/pbj/praxis/hilton/work5/Code/barometer/set_altitude_profile.siv

Processing file /afs/inf.ed.ac.uk/user/p/pbj/praxis/hilton/work5/Code/barometer/set_altitude_profile.slg

Processing file /afs/inf.ed.ac.uk/user/p/pbj/praxis/hilton/work5/Code/bc1553/acknowledge_message.vcg

Processing file /afs/inf.ed.ac.uk/user/p/pbj/praxis/hilton/work5/Code/bc1553/acknowledge_message.siv

Processing file /afs/inf.ed.ac.uk/user/p/pbj/praxis/hilton/work5/Code/bc1553/acknowledge_message.slg

Processing file /afs/inf.ed.ac.uk/user/p/pbj/praxis/hilton/work5/Code/bc1553/is_fresh.vcg

Processing file /afs/inf.ed.ac.uk/user/p/pbj/praxis/hilton/work5/Code/bc1553/is_fresh.siv

Processing file /afs/inf.ed.ac.uk/user/p/pbj/praxis/hilton/work5/Code/bc1553/is_fresh.slg

Processing file /afs/inf.ed.ac.uk/user/p/pbj/praxis/hilton/work5/Code/bc1553/is_valid.vcg

Processing file /afs/inf.ed.ac.uk/user/p/pbj/praxis/hilton/work5/Code/bc1553/is_valid.siv

Processing file /afs/inf.ed.ac.uk/user/p/pbj/praxis/hilton/work5/Code/bc1553/is_valid.slg

Processing file /afs/inf.ed.ac.uk/user/p/pbj/praxis/hilton/work5/Code/bc1553/lru_number.vcg

Processing file /afs/inf.ed.ac.uk/user/p/pbj/praxis/hilton/work5/Code/bc1553/lru_number.siv

Processing file /afs/inf.ed.ac.uk/user/p/pbj/praxis/hilton/work5/Code/bc1553/lru_number.slg

Processing file /afs/inf.ed.ac.uk/user/p/pbj/praxis/hilton/work5/Code/bc1553/read_message.vcg

Processing file /afs/inf.ed.ac.uk/user/p/pbj/praxis/hilton/work5/Code/bc1553/read_message.siv

Processing file /afs/inf.ed.ac.uk/user/p/pbj/praxis/hilton/work5/Code/bc1553/read_message.slg

Processing file /afs/inf.ed.ac.uk/user/p/pbj/praxis/hilton/work5/Code/bc1553/read_word.vcg

Processing file /afs/inf.ed.ac.uk/user/p/pbj/praxis/hilton/work5/Code/bc1553/read_word.siv

Processing file /afs/inf.ed.ac.uk/user/p/pbj/praxis/hilton/work5/Code/bc1553/read_word.slg

Processing file /afs/inf.ed.ac.uk/user/p/pbj/praxis/hilton/work5/Code/bc1553/set_message_valid.vcg

Processing file /afs/inf.ed.ac.uk/user/p/pbj/praxis/hilton/work5/Code/bc1553/set_message_valid.siv

Processing file /afs/inf.ed.ac.uk/user/p/pbj/praxis/hilton/work5/Code/bc1553/set_message_valid.slg

Processing file /afs/inf.ed.ac.uk/user/p/pbj/praxis/hilton/work5/Code/bc1553/write_message.vcg

Processing file /afs/inf.ed.ac.uk/user/p/pbj/praxis/hilton/work5/Code/bc1553/write_message.siv

Processing file /afs/inf.ed.ac.uk/user/p/pbj/praxis/hilton/work5/Code/bc1553/write_message.slg

Processing file /afs/inf.ed.ac.uk/user/p/pbj/praxis/hilton/work5/Code/bc1553/write_word.vcg

Processing file /afs/inf.ed.ac.uk/user/p/pbj/praxis/hilton/work5/Code/bc1553/write_word.siv

Processing file /afs/inf.ed.ac.uk/user/p/pbj/praxis/hilton/work5/Code/bc1553/write_word.slg

Processing file /afs/inf.ed.ac.uk/user/p/pbj/praxis/hilton/work5/Code/bit_machine/change_state.vcg

Processing file /afs/inf.ed.ac.uk/user/p/pbj/praxis/hilton/work5/Code/bit_machine/change_state.siv

Processing file /afs/inf.ed.ac.uk/user/p/pbj/praxis/hilton/work5/Code/bit_machine/change_state.slg

Processing file /afs/inf.ed.ac.uk/user/p/pbj/praxis/hilton/work5/Code/bit_machine/create.vcg

Processing file /afs/inf.ed.ac.uk/user/p/pbj/praxis/hilton/work5/Code/bit_machine/create.siv

Processing file /afs/inf.ed.ac.uk/user/p/pbj/praxis/hilton/work5/Code/bit_machine/create.slg

Processing file /afs/inf.ed.ac.uk/user/p/pbj/praxis/hilton/work5/Code/bit_machine/fail_next.vcg

Processing file /afs/inf.ed.ac.uk/user/p/pbj/praxis/hilton/work5/Code/bit_machine/fail_next.siv

Processing file /afs/inf.ed.ac.uk/user/p/pbj/praxis/hilton/work5/Code/bit_machine/fail_next.slg

Processing file /afs/inf.ed.ac.uk/user/p/pbj/praxis/hilton/work5/Code/bit_machine/halt.vcg

Processing file /afs/inf.ed.ac.uk/user/p/pbj/praxis/hilton/work5/Code/bit_machine/halt.siv

Processing file /afs/inf.ed.ac.uk/user/p/pbj/praxis/hilton/work5/Code/bit_machine/halt.slg

Processing file /afs/inf.ed.ac.uk/user/p/pbj/praxis/hilton/work5/Code/bit_machine/init.vcg

Processing file /afs/inf.ed.ac.uk/user/p/pbj/praxis/hilton/work5/Code/bit_machine/init.siv

Processing file /afs/inf.ed.ac.uk/user/p/pbj/praxis/hilton/work5/Code/bit_machine/init.slg

Processing file /afs/inf.ed.ac.uk/user/p/pbj/praxis/hilton/work5/Code/bit_machine/machine_ticks.vcg

Processing file /afs/inf.ed.ac.uk/user/p/pbj/praxis/hilton/work5/Code/bit_machine/machine_ticks.siv

Processing file /afs/inf.ed.ac.uk/user/p/pbj/praxis/hilton/work5/Code/bit_machine/machine_ticks.slg

Processing file /afs/inf.ed.ac.uk/user/p/pbj/praxis/hilton/work5/Code/bit_machine/phase.vcg

Processing file /afs/inf.ed.ac.uk/user/p/pbj/praxis/hilton/work5/Code/bit_machine/phase.siv

Processing file /afs/inf.ed.ac.uk/user/p/pbj/praxis/hilton/work5/Code/bit_machine/phase.slg

Processing file /afs/inf.ed.ac.uk/user/p/pbj/praxis/hilton/work5/Code/bit_machine/reset.vcg

Processing file /afs/inf.ed.ac.uk/user/p/pbj/praxis/hilton/work5/Code/bit_machine/reset.siv

Processing file /afs/inf.ed.ac.uk/user/p/pbj/praxis/hilton/work5/Code/bit_machine/reset.slg

Processing file /afs/inf.ed.ac.uk/user/p/pbj/praxis/hilton/work5/Code/bit_machine/step.vcg

Processing file /afs/inf.ed.ac.uk/user/p/pbj/praxis/hilton/work5/Code/bit_machine/step.siv

Processing file /afs/inf.ed.ac.uk/user/p/pbj/praxis/hilton/work5/Code/bit_machine/step.slg

Processing file /afs/inf.ed.ac.uk/user/p/pbj/praxis/hilton/work5/Code/bus/acknowledge_bc_message.vcg

Processing file /afs/inf.ed.ac.uk/user/p/pbj/praxis/hilton/work5/Code/bus/acknowledge_bc_message.siv

Processing file /afs/inf.ed.ac.uk/user/p/pbj/praxis/hilton/work5/Code/bus/acknowledge_bc_message.slg

Processing file /afs/inf.ed.ac.uk/user/p/pbj/praxis/hilton/work5/Code/bus/acknowledge_rt_message.vcg

Processing file /afs/inf.ed.ac.uk/user/p/pbj/praxis/hilton/work5/Code/bus/acknowledge_rt_message.siv

Processing file /afs/inf.ed.ac.uk/user/p/pbj/praxis/hilton/work5/Code/bus/acknowledge_rt_message.slg

Processing file /afs/inf.ed.ac.uk/user/p/pbj/praxis/hilton/work5/Code/bus/cycle.vcg

Processing file /afs/inf.ed.ac.uk/user/p/pbj/praxis/hilton/work5/Code/bus/cycle.siv

Processing file /afs/inf.ed.ac.uk/user/p/pbj/praxis/hilton/work5/Code/bus/cycle.slg

Processing file /afs/inf.ed.ac.uk/user/p/pbj/praxis/hilton/work5/Code/bus/is_bc_fresh.vcg

Processing file /afs/inf.ed.ac.uk/user/p/pbj/praxis/hilton/work5/Code/bus/is_bc_fresh.siv

Processing file /afs/inf.ed.ac.uk/user/p/pbj/praxis/hilton/work5/Code/bus/is_bc_fresh.slg

Processing file /afs/inf.ed.ac.uk/user/p/pbj/praxis/hilton/work5/Code/bus/is_bc_valid.vcg

Processing file /afs/inf.ed.ac.uk/user/p/pbj/praxis/hilton/work5/Code/bus/is_bc_valid.siv

Processing file /afs/inf.ed.ac.uk/user/p/pbj/praxis/hilton/work5/Code/bus/is_bc_valid.slg

Processing file /afs/inf.ed.ac.uk/user/p/pbj/praxis/hilton/work5/Code/bus/is_rt_fresh.vcg

Processing file /afs/inf.ed.ac.uk/user/p/pbj/praxis/hilton/work5/Code/bus/is_rt_fresh.siv

Processing file /afs/inf.ed.ac.uk/user/p/pbj/praxis/hilton/work5/Code/bus/is_rt_fresh.slg

Processing file /afs/inf.ed.ac.uk/user/p/pbj/praxis/hilton/work5/Code/bus/is_rt_valid.vcg

Processing file /afs/inf.ed.ac.uk/user/p/pbj/praxis/hilton/work5/Code/bus/is_rt_valid.siv

Processing file /afs/inf.ed.ac.uk/user/p/pbj/praxis/hilton/work5/Code/bus/is_rt_valid.slg

Processing file /afs/inf.ed.ac.uk/user/p/pbj/praxis/hilton/work5/Code/bus/read_bc_message.vcg

Processing file /afs/inf.ed.ac.uk/user/p/pbj/praxis/hilton/work5/Code/bus/read_bc_message.siv

Processing file /afs/inf.ed.ac.uk/user/p/pbj/praxis/hilton/work5/Code/bus/read_bc_message.slg

Processing file /afs/inf.ed.ac.uk/user/p/pbj/praxis/hilton/work5/Code/bus/read_bc_word.vcg

Processing file /afs/inf.ed.ac.uk/user/p/pbj/praxis/hilton/work5/Code/bus/read_bc_word.siv

Processing file /afs/inf.ed.ac.uk/user/p/pbj/praxis/hilton/work5/Code/bus/read_bc_word.slg

Processing file /afs/inf.ed.ac.uk/user/p/pbj/praxis/hilton/work5/Code/bus/read_rt_message.vcg

Processing file /afs/inf.ed.ac.uk/user/p/pbj/praxis/hilton/work5/Code/bus/read_rt_message.siv

Processing file /afs/inf.ed.ac.uk/user/p/pbj/praxis/hilton/work5/Code/bus/read_rt_message.slg

Processing file /afs/inf.ed.ac.uk/user/p/pbj/praxis/hilton/work5/Code/bus/read_rt_word.vcg

Processing file /afs/inf.ed.ac.uk/user/p/pbj/praxis/hilton/work5/Code/bus/read_rt_word.siv

Processing file /afs/inf.ed.ac.uk/user/p/pbj/praxis/hilton/work5/Code/bus/read_rt_word.slg

Processing file /afs/inf.ed.ac.uk/user/p/pbj/praxis/hilton/work5/Code/bus/set_bc_message_valid.vcg

Processing file /afs/inf.ed.ac.uk/user/p/pbj/praxis/hilton/work5/Code/bus/set_bc_message_valid.siv

Processing file /afs/inf.ed.ac.uk/user/p/pbj/praxis/hilton/work5/Code/bus/set_bc_message_valid.slg

Processing file /afs/inf.ed.ac.uk/user/p/pbj/praxis/hilton/work5/Code/bus/set_rt_message_valid.vcg

Processing file /afs/inf.ed.ac.uk/user/p/pbj/praxis/hilton/work5/Code/bus/set_rt_message_valid.siv

Processing file /afs/inf.ed.ac.uk/user/p/pbj/praxis/hilton/work5/Code/bus/set_rt_message_valid.slg

Processing file /afs/inf.ed.ac.uk/user/p/pbj/praxis/hilton/work5/Code/bus/write_bc_message.vcg

Processing file /afs/inf.ed.ac.uk/user/p/pbj/praxis/hilton/work5/Code/bus/write_bc_message.siv

Processing file /afs/inf.ed.ac.uk/user/p/pbj/praxis/hilton/work5/Code/bus/write_bc_message.slg

Processing file /afs/inf.ed.ac.uk/user/p/pbj/praxis/hilton/work5/Code/bus/write_bc_word.vcg

Processing file /afs/inf.ed.ac.uk/user/p/pbj/praxis/hilton/work5/Code/bus/write_bc_word.siv

Processing file /afs/inf.ed.ac.uk/user/p/pbj/praxis/hilton/work5/Code/bus/write_bc_word.slg

Processing file /afs/inf.ed.ac.uk/user/p/pbj/praxis/hilton/work5/Code/bus/write_rt_message.vcg

Processing file /afs/inf.ed.ac.uk/user/p/pbj/praxis/hilton/work5/Code/bus/write_rt_message.siv

Processing file /afs/inf.ed.ac.uk/user/p/pbj/praxis/hilton/work5/Code/bus/write_rt_message.slg

Processing file /afs/inf.ed.ac.uk/user/p/pbj/praxis/hilton/work5/Code/bus/write_rt_word.vcg

Processing file /afs/inf.ed.ac.uk/user/p/pbj/praxis/hilton/work5/Code/bus/write_rt_word.siv

Processing file /afs/inf.ed.ac.uk/user/p/pbj/praxis/hilton/work5/Code/bus/write_rt_word.slg

Processing file /afs/inf.ed.ac.uk/user/p/pbj/praxis/hilton/work5/Code/bus_decode/decode_bool8.vcg

Processing file /afs/inf.ed.ac.uk/user/p/pbj/praxis/hilton/work5/Code/bus_decode/decode_bool8.siv

Processing file /afs/inf.ed.ac.uk/user/p/pbj/praxis/hilton/work5/Code/bus_decode/decode_bool8.slg

Processing file /afs/inf.ed.ac.uk/user/p/pbj/praxis/hilton/work5/Code/bus_decode/decode_byte2.vcg

Processing file /afs/inf.ed.ac.uk/user/p/pbj/praxis/hilton/work5/Code/bus_decode/decode_byte2.siv

Processing file /afs/inf.ed.ac.uk/user/p/pbj/praxis/hilton/work5/Code/bus_decode/decode_byte2.slg

Processing file /afs/inf.ed.ac.uk/user/p/pbj/praxis/hilton/work5/Code/bus_encode/encode_bool8.vcg

Processing file /afs/inf.ed.ac.uk/user/p/pbj/praxis/hilton/work5/Code/bus_encode/encode_bool8.siv

Processing file /afs/inf.ed.ac.uk/user/p/pbj/praxis/hilton/work5/Code/bus_encode/encode_bool8.slg

Processing file /afs/inf.ed.ac.uk/user/p/pbj/praxis/hilton/work5/Code/bus_encode/encode_byte2.vcg

Processing file /afs/inf.ed.ac.uk/user/p/pbj/praxis/hilton/work5/Code/bus_encode/encode_byte2.siv

Processing file /afs/inf.ed.ac.uk/user/p/pbj/praxis/hilton/work5/Code/bus_encode/encode_byte2.slg

Processing file /afs/inf.ed.ac.uk/user/p/pbj/praxis/hilton/work5/Code/clock/cycle.vcg

Processing file /afs/inf.ed.ac.uk/user/p/pbj/praxis/hilton/work5/Code/clock/cycle.siv

Processing file /afs/inf.ed.ac.uk/user/p/pbj/praxis/hilton/work5/Code/clock/cycle.slg

Processing file /afs/inf.ed.ac.uk/user/p/pbj/praxis/hilton/work5/Code/clock/read.vcg

Processing file /afs/inf.ed.ac.uk/user/p/pbj/praxis/hilton/work5/Code/clock/read.siv

Processing file /afs/inf.ed.ac.uk/user/p/pbj/praxis/hilton/work5/Code/clock/read.slg

Processing file /afs/inf.ed.ac.uk/user/p/pbj/praxis/hilton/work5/Code/clock/reset.vcg

Processing file /afs/inf.ed.ac.uk/user/p/pbj/praxis/hilton/work5/Code/clock/reset.siv

Processing file /afs/inf.ed.ac.uk/user/p/pbj/praxis/hilton/work5/Code/clock/reset.slg

Processing file /afs/inf.ed.ac.uk/user/p/pbj/praxis/hilton/work5/Code/clock/time_valid.vcg

Processing file /afs/inf.ed.ac.uk/user/p/pbj/praxis/hilton/work5/Code/clock/time_valid.siv

Processing file /afs/inf.ed.ac.uk/user/p/pbj/praxis/hilton/work5/Code/clock/time_valid.slg

Processing file /afs/inf.ed.ac.uk/user/p/pbj/praxis/hilton/work5/Code/clock_utils/add_delay.vcg

Processing file /afs/inf.ed.ac.uk/user/p/pbj/praxis/hilton/work5/Code/clock_utils/add_delay.siv

Processing file /afs/inf.ed.ac.uk/user/p/pbj/praxis/hilton/work5/Code/clock_utils/add_delay.slg

Processing file /afs/inf.ed.ac.uk/user/p/pbj/praxis/hilton/work5/Code/clock_utils/delta_time.vcg

Processing file /afs/inf.ed.ac.uk/user/p/pbj/praxis/hilton/work5/Code/clock_utils/delta_time.siv

Processing file /afs/inf.ed.ac.uk/user/p/pbj/praxis/hilton/work5/Code/clock_utils/delta_time.slg

Processing file /afs/inf.ed.ac.uk/user/p/pbj/praxis/hilton/work5/Code/clock_utils/subtract_delay.vcg

Processing file /afs/inf.ed.ac.uk/user/p/pbj/praxis/hilton/work5/Code/clock_utils/subtract_delay.siv

Processing file /afs/inf.ed.ac.uk/user/p/pbj/praxis/hilton/work5/Code/clock_utils/subtract_delay.slg

Processing file /afs/inf.ed.ac.uk/user/p/pbj/praxis/hilton/work5/Code/compass/cycle.vcg

Processing file /afs/inf.ed.ac.uk/user/p/pbj/praxis/hilton/work5/Code/compass/cycle.siv

Processing file /afs/inf.ed.ac.uk/user/p/pbj/praxis/hilton/work5/Code/compass/cycle.slg

Processing file /afs/inf.ed.ac.uk/user/p/pbj/praxis/hilton/work5/Code/compass/extrapolate_angle.vcg

Processing file /afs/inf.ed.ac.uk/user/p/pbj/praxis/hilton/work5/Code/compass/extrapolate_angle.siv

Processing file /afs/inf.ed.ac.uk/user/p/pbj/praxis/hilton/work5/Code/compass/extrapolate_angle.slg

Processing file /afs/inf.ed.ac.uk/user/p/pbj/praxis/hilton/work5/Code/compass/fail_next_bit.vcg

Processing file /afs/inf.ed.ac.uk/user/p/pbj/praxis/hilton/work5/Code/compass/fail_next_bit.siv

Processing file /afs/inf.ed.ac.uk/user/p/pbj/praxis/hilton/work5/Code/compass/fail_next_bit.slg

Processing file /afs/inf.ed.ac.uk/user/p/pbj/praxis/hilton/work5/Code/compass/init.vcg

Processing file /afs/inf.ed.ac.uk/user/p/pbj/praxis/hilton/work5/Code/compass/init.siv

Processing file /afs/inf.ed.ac.uk/user/p/pbj/praxis/hilton/work5/Code/compass/init.slg

Processing file /afs/inf.ed.ac.uk/user/p/pbj/praxis/hilton/work5/Code/compass/read_dxy.vcg

Processing file /afs/inf.ed.ac.uk/user/p/pbj/praxis/hilton/work5/Code/compass/read_dxy.siv

Processing file /afs/inf.ed.ac.uk/user/p/pbj/praxis/hilton/work5/Code/compass/read_dxy.slg

Processing file /afs/inf.ed.ac.uk/user/p/pbj/praxis/hilton/work5/Code/compass/read_dyz.vcg

Processing file /afs/inf.ed.ac.uk/user/p/pbj/praxis/hilton/work5/Code/compass/read_dyz.siv

Processing file /afs/inf.ed.ac.uk/user/p/pbj/praxis/hilton/work5/Code/compass/read_dyz.slg

Processing file /afs/inf.ed.ac.uk/user/p/pbj/praxis/hilton/work5/Code/compass/read_xy.vcg

Processing file /afs/inf.ed.ac.uk/user/p/pbj/praxis/hilton/work5/Code/compass/read_xy.siv

Processing file /afs/inf.ed.ac.uk/user/p/pbj/praxis/hilton/work5/Code/compass/read_xy.slg

Processing file /afs/inf.ed.ac.uk/user/p/pbj/praxis/hilton/work5/Code/compass/read_yz.vcg

Processing file /afs/inf.ed.ac.uk/user/p/pbj/praxis/hilton/work5/Code/compass/read_yz.siv

Processing file /afs/inf.ed.ac.uk/user/p/pbj/praxis/hilton/work5/Code/compass/read_yz.slg

Processing file /afs/inf.ed.ac.uk/user/p/pbj/praxis/hilton/work5/Code/compass/set_dxy.vcg

Processing file /afs/inf.ed.ac.uk/user/p/pbj/praxis/hilton/work5/Code/compass/set_dxy.siv

Processing file /afs/inf.ed.ac.uk/user/p/pbj/praxis/hilton/work5/Code/compass/set_dxy.slg

Processing file /afs/inf.ed.ac.uk/user/p/pbj/praxis/hilton/work5/Code/compass/set_dyz.vcg

Processing file /afs/inf.ed.ac.uk/user/p/pbj/praxis/hilton/work5/Code/compass/set_dyz.siv

Processing file /afs/inf.ed.ac.uk/user/p/pbj/praxis/hilton/work5/Code/compass/set_dyz.slg

Processing file /afs/inf.ed.ac.uk/user/p/pbj/praxis/hilton/work5/Code/compass/set_xy.vcg

Processing file /afs/inf.ed.ac.uk/user/p/pbj/praxis/hilton/work5/Code/compass/set_xy.siv

Processing file /afs/inf.ed.ac.uk/user/p/pbj/praxis/hilton/work5/Code/compass/set_xy.slg

Processing file /afs/inf.ed.ac.uk/user/p/pbj/praxis/hilton/work5/Code/compass/set_yz.vcg

Processing file /afs/inf.ed.ac.uk/user/p/pbj/praxis/hilton/work5/Code/compass/set_yz.siv

Processing file /afs/inf.ed.ac.uk/user/p/pbj/praxis/hilton/work5/Code/compass/set_yz.slg

Processing file /afs/inf.ed.ac.uk/user/p/pbj/praxis/hilton/work5/Code/destruct/cycle.vcg

Processing file /afs/inf.ed.ac.uk/user/p/pbj/praxis/hilton/work5/Code/destruct/cycle.siv

Processing file /afs/inf.ed.ac.uk/user/p/pbj/praxis/hilton/work5/Code/destruct/cycle.slg

Processing file /afs/inf.ed.ac.uk/user/p/pbj/praxis/hilton/work5/Code/destruct/fail_next_bit.vcg

Processing file /afs/inf.ed.ac.uk/user/p/pbj/praxis/hilton/work5/Code/destruct/fail_next_bit.siv

Processing file /afs/inf.ed.ac.uk/user/p/pbj/praxis/hilton/work5/Code/destruct/fail_next_bit.slg

Processing file /afs/inf.ed.ac.uk/user/p/pbj/praxis/hilton/work5/Code/destruct/init.vcg

Processing file /afs/inf.ed.ac.uk/user/p/pbj/praxis/hilton/work5/Code/destruct/init.siv

Processing file /afs/inf.ed.ac.uk/user/p/pbj/praxis/hilton/work5/Code/destruct/init.slg

Processing file /afs/inf.ed.ac.uk/user/p/pbj/praxis/hilton/work5/Code/destruct/read_stage.vcg

Processing file /afs/inf.ed.ac.uk/user/p/pbj/praxis/hilton/work5/Code/destruct/read_stage.siv

Processing file /afs/inf.ed.ac.uk/user/p/pbj/praxis/hilton/work5/Code/destruct/read_stage.slg

Processing file /afs/inf.ed.ac.uk/user/p/pbj/praxis/hilton/work5/Code/destruct/set_stage.vcg

Processing file /afs/inf.ed.ac.uk/user/p/pbj/praxis/hilton/work5/Code/destruct/set_stage.siv

Processing file /afs/inf.ed.ac.uk/user/p/pbj/praxis/hilton/work5/Code/destruct/set_stage.slg

Processing file /afs/inf.ed.ac.uk/user/p/pbj/praxis/hilton/work5/Code/destruct/set_timer.vcg

Processing file /afs/inf.ed.ac.uk/user/p/pbj/praxis/hilton/work5/Code/destruct/set_timer.siv

Processing file /afs/inf.ed.ac.uk/user/p/pbj/praxis/hilton/work5/Code/destruct/set_timer.slg

Processing file /afs/inf.ed.ac.uk/user/p/pbj/praxis/hilton/work5/Code/destruct/update_stage.vcg

Processing file /afs/inf.ed.ac.uk/user/p/pbj/praxis/hilton/work5/Code/destruct/update_stage.siv

Processing file /afs/inf.ed.ac.uk/user/p/pbj/praxis/hilton/work5/Code/destruct/update_stage.slg

Processing file /afs/inf.ed.ac.uk/user/p/pbj/praxis/hilton/work5/Code/destruct_cfg/code_to_state.vcg

Processing file /afs/inf.ed.ac.uk/user/p/pbj/praxis/hilton/work5/Code/destruct_cfg/code_to_state.siv

Processing file /afs/inf.ed.ac.uk/user/p/pbj/praxis/hilton/work5/Code/destruct_cfg/code_to_state.slg

Processing file /afs/inf.ed.ac.uk/user/p/pbj/praxis/hilton/work5/Code/destruct_cfg/transition.vcg

Processing file /afs/inf.ed.ac.uk/user/p/pbj/praxis/hilton/work5/Code/destruct_cfg/transition.siv

Processing file /afs/inf.ed.ac.uk/user/p/pbj/praxis/hilton/work5/Code/destruct_cfg/transition.slg

Processing file /afs/inf.ed.ac.uk/user/p/pbj/praxis/hilton/work5/Code/drag/calc_drag.vcg

Processing file /afs/inf.ed.ac.uk/user/p/pbj/praxis/hilton/work5/Code/drag/calc_drag.siv

Processing file /afs/inf.ed.ac.uk/user/p/pbj/praxis/hilton/work5/Code/drag/calc_drag.slg

Processing file /afs/inf.ed.ac.uk/user/p/pbj/praxis/hilton/work5/Code/drag/relative_drag_at_altitude.vcg

Processing file /afs/inf.ed.ac.uk/user/p/pbj/praxis/hilton/work5/Code/drag/relative_drag_at_altitude.siv

Processing file /afs/inf.ed.ac.uk/user/p/pbj/praxis/hilton/work5/Code/drag/relative_drag_at_altitude.slg

Processing file /afs/inf.ed.ac.uk/user/p/pbj/praxis/hilton/work5/Code/environment/add_object.vcg

Processing file /afs/inf.ed.ac.uk/user/p/pbj/praxis/hilton/work5/Code/environment/add_object.siv

Processing file /afs/inf.ed.ac.uk/user/p/pbj/praxis/hilton/work5/Code/environment/add_object.slg

Processing file /afs/inf.ed.ac.uk/user/p/pbj/praxis/hilton/work5/Code/environment/delete_object.vcg

Processing file /afs/inf.ed.ac.uk/user/p/pbj/praxis/hilton/work5/Code/environment/delete_object.siv

Processing file /afs/inf.ed.ac.uk/user/p/pbj/praxis/hilton/work5/Code/environment/delete_object.slg

Processing file /afs/inf.ed.ac.uk/user/p/pbj/praxis/hilton/work5/Code/environment/find_slot.vcg

Processing file /afs/inf.ed.ac.uk/user/p/pbj/praxis/hilton/work5/Code/environment/find_slot.siv

Processing file /afs/inf.ed.ac.uk/user/p/pbj/praxis/hilton/work5/Code/environment/find_slot.slg

Processing file /afs/inf.ed.ac.uk/user/p/pbj/praxis/hilton/work5/Code/environment/get_object_position.vcg

Processing file /afs/inf.ed.ac.uk/user/p/pbj/praxis/hilton/work5/Code/environment/get_object_position.siv

Processing file /afs/inf.ed.ac.uk/user/p/pbj/praxis/hilton/work5/Code/environment/get_object_position.slg

Processing file /afs/inf.ed.ac.uk/user/p/pbj/praxis/hilton/work5/Code/environment/get_object_velocity.vcg

Processing file /afs/inf.ed.ac.uk/user/p/pbj/praxis/hilton/work5/Code/environment/get_object_velocity.siv

Processing file /afs/inf.ed.ac.uk/user/p/pbj/praxis/hilton/work5/Code/environment/get_object_velocity.slg

Processing file /afs/inf.ed.ac.uk/user/p/pbj/praxis/hilton/work5/Code/environment/set_object_accel.vcg

Processing file /afs/inf.ed.ac.uk/user/p/pbj/praxis/hilton/work5/Code/environment/set_object_accel.siv

Processing file /afs/inf.ed.ac.uk/user/p/pbj/praxis/hilton/work5/Code/environment/set_object_accel.slg

Processing file /afs/inf.ed.ac.uk/user/p/pbj/praxis/hilton/work5/Code/environment/set_object_position.vcg

Processing file /afs/inf.ed.ac.uk/user/p/pbj/praxis/hilton/work5/Code/environment/set_object_position.siv

Processing file /afs/inf.ed.ac.uk/user/p/pbj/praxis/hilton/work5/Code/environment/set_object_position.slg

Processing file /afs/inf.ed.ac.uk/user/p/pbj/praxis/hilton/work5/Code/environment/set_object_velocity.vcg

Processing file /afs/inf.ed.ac.uk/user/p/pbj/praxis/hilton/work5/Code/environment/set_object_velocity.siv

Processing file /afs/inf.ed.ac.uk/user/p/pbj/praxis/hilton/work5/Code/environment/set_object_velocity.slg

Processing file /afs/inf.ed.ac.uk/user/p/pbj/praxis/hilton/work5/Code/flying_object/create.vcg

Processing file /afs/inf.ed.ac.uk/user/p/pbj/praxis/hilton/work5/Code/flying_object/create.siv

Processing file /afs/inf.ed.ac.uk/user/p/pbj/praxis/hilton/work5/Code/flying_object/create.slg

Processing file /afs/inf.ed.ac.uk/user/p/pbj/praxis/hilton/work5/Code/flying_object/extrapolate_position.vcg

Processing file /afs/inf.ed.ac.uk/user/p/pbj/praxis/hilton/work5/Code/flying_object/extrapolate_position.siv

Processing file /afs/inf.ed.ac.uk/user/p/pbj/praxis/hilton/work5/Code/flying_object/extrapolate_position.slg

Processing file /afs/inf.ed.ac.uk/user/p/pbj/praxis/hilton/work5/Code/flying_object/extrapolate_position/extrapolate_linear.vcg

Processing file /afs/inf.ed.ac.uk/user/p/pbj/praxis/hilton/work5/Code/flying_object/extrapolate_position/extrapolate_linear.siv

Processing file /afs/inf.ed.ac.uk/user/p/pbj/praxis/hilton/work5/Code/flying_object/extrapolate_position/extrapolate_linear.slg

Processing file /afs/inf.ed.ac.uk/user/p/pbj/praxis/hilton/work5/Code/flying_object/extrapolate_velocity.vcg

Processing file /afs/inf.ed.ac.uk/user/p/pbj/praxis/hilton/work5/Code/flying_object/extrapolate_velocity.siv

Processing file /afs/inf.ed.ac.uk/user/p/pbj/praxis/hilton/work5/Code/flying_object/extrapolate_velocity.slg

Processing file /afs/inf.ed.ac.uk/user/p/pbj/praxis/hilton/work5/Code/flying_object/get_accel.vcg

Processing file /afs/inf.ed.ac.uk/user/p/pbj/praxis/hilton/work5/Code/flying_object/get_accel.siv

Processing file /afs/inf.ed.ac.uk/user/p/pbj/praxis/hilton/work5/Code/flying_object/get_accel.slg

Processing file /afs/inf.ed.ac.uk/user/p/pbj/praxis/hilton/work5/Code/flying_object/get_position.vcg

Processing file /afs/inf.ed.ac.uk/user/p/pbj/praxis/hilton/work5/Code/flying_object/get_position.siv

Processing file /afs/inf.ed.ac.uk/user/p/pbj/praxis/hilton/work5/Code/flying_object/get_position.slg

Processing file /afs/inf.ed.ac.uk/user/p/pbj/praxis/hilton/work5/Code/flying_object/get_velocity.vcg

Processing file /afs/inf.ed.ac.uk/user/p/pbj/praxis/hilton/work5/Code/flying_object/get_velocity.siv

Processing file /afs/inf.ed.ac.uk/user/p/pbj/praxis/hilton/work5/Code/flying_object/get_velocity.slg

Processing file /afs/inf.ed.ac.uk/user/p/pbj/praxis/hilton/work5/Code/flying_object/set_accel.vcg

Processing file /afs/inf.ed.ac.uk/user/p/pbj/praxis/hilton/work5/Code/flying_object/set_accel.siv

Processing file /afs/inf.ed.ac.uk/user/p/pbj/praxis/hilton/work5/Code/flying_object/set_accel.slg

Processing file /afs/inf.ed.ac.uk/user/p/pbj/praxis/hilton/work5/Code/flying_object/set_position.vcg

Processing file /afs/inf.ed.ac.uk/user/p/pbj/praxis/hilton/work5/Code/flying_object/set_position.siv

Processing file /afs/inf.ed.ac.uk/user/p/pbj/praxis/hilton/work5/Code/flying_object/set_position.slg

Processing file /afs/inf.ed.ac.uk/user/p/pbj/praxis/hilton/work5/Code/flying_object/set_velocity.vcg

Processing file /afs/inf.ed.ac.uk/user/p/pbj/praxis/hilton/work5/Code/flying_object/set_velocity.siv

Processing file /afs/inf.ed.ac.uk/user/p/pbj/praxis/hilton/work5/Code/flying_object/set_velocity.slg

Processing file /afs/inf.ed.ac.uk/user/p/pbj/praxis/hilton/work5/Code/fuel/cycle.vcg

Processing file /afs/inf.ed.ac.uk/user/p/pbj/praxis/hilton/work5/Code/fuel/cycle.siv

Processing file /afs/inf.ed.ac.uk/user/p/pbj/praxis/hilton/work5/Code/fuel/cycle.slg

Processing file /afs/inf.ed.ac.uk/user/p/pbj/praxis/hilton/work5/Code/fuel/cycle/write_mass.vcg

Processing file /afs/inf.ed.ac.uk/user/p/pbj/praxis/hilton/work5/Code/fuel/cycle/write_mass.siv

Processing file /afs/inf.ed.ac.uk/user/p/pbj/praxis/hilton/work5/Code/fuel/cycle/write_mass.slg

Processing file /afs/inf.ed.ac.uk/user/p/pbj/praxis/hilton/work5/Code/fuel/extrapolate_level.vcg

Processing file /afs/inf.ed.ac.uk/user/p/pbj/praxis/hilton/work5/Code/fuel/extrapolate_level.siv

Processing file /afs/inf.ed.ac.uk/user/p/pbj/praxis/hilton/work5/Code/fuel/extrapolate_level.slg

Processing file /afs/inf.ed.ac.uk/user/p/pbj/praxis/hilton/work5/Code/fuel/extrapolate_level/extrapolate_mass.vcg

Processing file /afs/inf.ed.ac.uk/user/p/pbj/praxis/hilton/work5/Code/fuel/extrapolate_level/extrapolate_mass.siv

Processing file /afs/inf.ed.ac.uk/user/p/pbj/praxis/hilton/work5/Code/fuel/extrapolate_level/extrapolate_mass.slg

Processing file /afs/inf.ed.ac.uk/user/p/pbj/praxis/hilton/work5/Code/fuel/fail_next_bit.vcg

Processing file /afs/inf.ed.ac.uk/user/p/pbj/praxis/hilton/work5/Code/fuel/fail_next_bit.siv

Processing file /afs/inf.ed.ac.uk/user/p/pbj/praxis/hilton/work5/Code/fuel/fail_next_bit.slg

Processing file /afs/inf.ed.ac.uk/user/p/pbj/praxis/hilton/work5/Code/fuel/init.vcg

Processing file /afs/inf.ed.ac.uk/user/p/pbj/praxis/hilton/work5/Code/fuel/init.siv

Processing file /afs/inf.ed.ac.uk/user/p/pbj/praxis/hilton/work5/Code/fuel/init.slg

Processing file /afs/inf.ed.ac.uk/user/p/pbj/praxis/hilton/work5/Code/fuel/read_level.vcg

Processing file /afs/inf.ed.ac.uk/user/p/pbj/praxis/hilton/work5/Code/fuel/read_level.siv

Processing file /afs/inf.ed.ac.uk/user/p/pbj/praxis/hilton/work5/Code/fuel/read_level.slg

Processing file /afs/inf.ed.ac.uk/user/p/pbj/praxis/hilton/work5/Code/fuel/set_level.vcg

Processing file /afs/inf.ed.ac.uk/user/p/pbj/praxis/hilton/work5/Code/fuel/set_level.siv

Processing file /afs/inf.ed.ac.uk/user/p/pbj/praxis/hilton/work5/Code/fuel/set_level.slg

Processing file /afs/inf.ed.ac.uk/user/p/pbj/praxis/hilton/work5/Code/fuel/set_rate.vcg

Processing file /afs/inf.ed.ac.uk/user/p/pbj/praxis/hilton/work5/Code/fuel/set_rate.siv

Processing file /afs/inf.ed.ac.uk/user/p/pbj/praxis/hilton/work5/Code/fuel/set_rate.slg

Processing file /afs/inf.ed.ac.uk/user/p/pbj/praxis/hilton/work5/Code/fuze/cycle.vcg

Processing file /afs/inf.ed.ac.uk/user/p/pbj/praxis/hilton/work5/Code/fuze/cycle.siv

Processing file /afs/inf.ed.ac.uk/user/p/pbj/praxis/hilton/work5/Code/fuze/cycle.slg

Processing file /afs/inf.ed.ac.uk/user/p/pbj/praxis/hilton/work5/Code/fuze/fail_next_bit.vcg

Processing file /afs/inf.ed.ac.uk/user/p/pbj/praxis/hilton/work5/Code/fuze/fail_next_bit.siv

Processing file /afs/inf.ed.ac.uk/user/p/pbj/praxis/hilton/work5/Code/fuze/fail_next_bit.slg

Processing file /afs/inf.ed.ac.uk/user/p/pbj/praxis/hilton/work5/Code/fuze/init.vcg

Processing file /afs/inf.ed.ac.uk/user/p/pbj/praxis/hilton/work5/Code/fuze/init.siv

Processing file /afs/inf.ed.ac.uk/user/p/pbj/praxis/hilton/work5/Code/fuze/init.slg

Processing file /afs/inf.ed.ac.uk/user/p/pbj/praxis/hilton/work5/Code/fuze/read_state.vcg

Processing file /afs/inf.ed.ac.uk/user/p/pbj/praxis/hilton/work5/Code/fuze/read_state.siv

Processing file /afs/inf.ed.ac.uk/user/p/pbj/praxis/hilton/work5/Code/fuze/read_state.slg

Processing file /afs/inf.ed.ac.uk/user/p/pbj/praxis/hilton/work5/Code/fuze/set_state.vcg

Processing file /afs/inf.ed.ac.uk/user/p/pbj/praxis/hilton/work5/Code/fuze/set_state.siv

Processing file /afs/inf.ed.ac.uk/user/p/pbj/praxis/hilton/work5/Code/fuze/set_state.slg

Processing file /afs/inf.ed.ac.uk/user/p/pbj/praxis/hilton/work5/Code/fuze/set_timer.vcg

Processing file /afs/inf.ed.ac.uk/user/p/pbj/praxis/hilton/work5/Code/fuze/set_timer.siv

Processing file /afs/inf.ed.ac.uk/user/p/pbj/praxis/hilton/work5/Code/fuze/set_timer.slg

Processing file /afs/inf.ed.ac.uk/user/p/pbj/praxis/hilton/work5/Code/fuze/update_state.vcg

Processing file /afs/inf.ed.ac.uk/user/p/pbj/praxis/hilton/work5/Code/fuze/update_state.siv

Processing file /afs/inf.ed.ac.uk/user/p/pbj/praxis/hilton/work5/Code/fuze/update_state.slg

Processing file /afs/inf.ed.ac.uk/user/p/pbj/praxis/hilton/work5/Code/ibit/rt_state_machine.vcg

Processing file /afs/inf.ed.ac.uk/user/p/pbj/praxis/hilton/work5/Code/ibit/rt_state_machine.siv

Processing file /afs/inf.ed.ac.uk/user/p/pbj/praxis/hilton/work5/Code/ibit/rt_state_machine.slg

Processing file /afs/inf.ed.ac.uk/user/p/pbj/praxis/hilton/work5/Code/ibit/state_machine.vcg

Processing file /afs/inf.ed.ac.uk/user/p/pbj/praxis/hilton/work5/Code/ibit/state_machine.siv

Processing file /afs/inf.ed.ac.uk/user/p/pbj/praxis/hilton/work5/Code/ibit/state_machine.slg

Processing file /afs/inf.ed.ac.uk/user/p/pbj/praxis/hilton/work5/Code/if_airspeed/get_ibit_state.vcg

Processing file /afs/inf.ed.ac.uk/user/p/pbj/praxis/hilton/work5/Code/if_airspeed/get_ibit_state.siv

Processing file /afs/inf.ed.ac.uk/user/p/pbj/praxis/hilton/work5/Code/if_airspeed/get_ibit_state.slg

Processing file /afs/inf.ed.ac.uk/user/p/pbj/praxis/hilton/work5/Code/if_airspeed/get_speed.vcg

Processing file /afs/inf.ed.ac.uk/user/p/pbj/praxis/hilton/work5/Code/if_airspeed/get_speed.siv

Processing file /afs/inf.ed.ac.uk/user/p/pbj/praxis/hilton/work5/Code/if_airspeed/get_speed.slg

Processing file /afs/inf.ed.ac.uk/user/p/pbj/praxis/hilton/work5/Code/if_airspeed/ibit_start.vcg

Processing file /afs/inf.ed.ac.uk/user/p/pbj/praxis/hilton/work5/Code/if_airspeed/ibit_start.siv

Processing file /afs/inf.ed.ac.uk/user/p/pbj/praxis/hilton/work5/Code/if_airspeed/ibit_start.slg

Processing file /afs/inf.ed.ac.uk/user/p/pbj/praxis/hilton/work5/Code/if_airspeed/ibit_stop.vcg

Processing file /afs/inf.ed.ac.uk/user/p/pbj/praxis/hilton/work5/Code/if_airspeed/ibit_stop.siv

Processing file /afs/inf.ed.ac.uk/user/p/pbj/praxis/hilton/work5/Code/if_airspeed/ibit_stop.slg

Processing file /afs/inf.ed.ac.uk/user/p/pbj/praxis/hilton/work5/Code/if_airspeed/init.vcg

Processing file /afs/inf.ed.ac.uk/user/p/pbj/praxis/hilton/work5/Code/if_airspeed/init.siv

Processing file /afs/inf.ed.ac.uk/user/p/pbj/praxis/hilton/work5/Code/if_airspeed/init.slg

Processing file /afs/inf.ed.ac.uk/user/p/pbj/praxis/hilton/work5/Code/if_airspeed/poll.vcg

Processing file /afs/inf.ed.ac.uk/user/p/pbj/praxis/hilton/work5/Code/if_airspeed/poll.siv

Processing file /afs/inf.ed.ac.uk/user/p/pbj/praxis/hilton/work5/Code/if_airspeed/poll.slg

Processing file /afs/inf.ed.ac.uk/user/p/pbj/praxis/hilton/work5/Code/if_barometer/get_height.vcg

Processing file /afs/inf.ed.ac.uk/user/p/pbj/praxis/hilton/work5/Code/if_barometer/get_height.siv

Processing file /afs/inf.ed.ac.uk/user/p/pbj/praxis/hilton/work5/Code/if_barometer/get_height.slg

Processing file /afs/inf.ed.ac.uk/user/p/pbj/praxis/hilton/work5/Code/if_barometer/get_ibit_state.vcg

Processing file /afs/inf.ed.ac.uk/user/p/pbj/praxis/hilton/work5/Code/if_barometer/get_ibit_state.siv

Processing file /afs/inf.ed.ac.uk/user/p/pbj/praxis/hilton/work5/Code/if_barometer/get_ibit_state.slg

Processing file /afs/inf.ed.ac.uk/user/p/pbj/praxis/hilton/work5/Code/if_barometer/ibit_start.vcg

Processing file /afs/inf.ed.ac.uk/user/p/pbj/praxis/hilton/work5/Code/if_barometer/ibit_start.siv

Processing file /afs/inf.ed.ac.uk/user/p/pbj/praxis/hilton/work5/Code/if_barometer/ibit_start.slg

Processing file /afs/inf.ed.ac.uk/user/p/pbj/praxis/hilton/work5/Code/if_barometer/ibit_stop.vcg

Processing file /afs/inf.ed.ac.uk/user/p/pbj/praxis/hilton/work5/Code/if_barometer/ibit_stop.siv

Processing file /afs/inf.ed.ac.uk/user/p/pbj/praxis/hilton/work5/Code/if_barometer/ibit_stop.slg

Processing file /afs/inf.ed.ac.uk/user/p/pbj/praxis/hilton/work5/Code/if_barometer/init.vcg

Processing file /afs/inf.ed.ac.uk/user/p/pbj/praxis/hilton/work5/Code/if_barometer/init.siv

Processing file /afs/inf.ed.ac.uk/user/p/pbj/praxis/hilton/work5/Code/if_barometer/init.slg

Processing file /afs/inf.ed.ac.uk/user/p/pbj/praxis/hilton/work5/Code/if_barometer/poll.vcg

Processing file /afs/inf.ed.ac.uk/user/p/pbj/praxis/hilton/work5/Code/if_barometer/poll.siv

Processing file /afs/inf.ed.ac.uk/user/p/pbj/praxis/hilton/work5/Code/if_barometer/poll.slg

Processing file /afs/inf.ed.ac.uk/user/p/pbj/praxis/hilton/work5/Code/if_compass/get_ibit_state.vcg

Processing file /afs/inf.ed.ac.uk/user/p/pbj/praxis/hilton/work5/Code/if_compass/get_ibit_state.siv

Processing file /afs/inf.ed.ac.uk/user/p/pbj/praxis/hilton/work5/Code/if_compass/get_ibit_state.slg

Processing file /afs/inf.ed.ac.uk/user/p/pbj/praxis/hilton/work5/Code/if_compass/get_xy.vcg

Processing file /afs/inf.ed.ac.uk/user/p/pbj/praxis/hilton/work5/Code/if_compass/get_xy.siv

Processing file /afs/inf.ed.ac.uk/user/p/pbj/praxis/hilton/work5/Code/if_compass/get_xy.slg

Processing file /afs/inf.ed.ac.uk/user/p/pbj/praxis/hilton/work5/Code/if_compass/get_yz.vcg

Processing file /afs/inf.ed.ac.uk/user/p/pbj/praxis/hilton/work5/Code/if_compass/get_yz.siv

Processing file /afs/inf.ed.ac.uk/user/p/pbj/praxis/hilton/work5/Code/if_compass/get_yz.slg

Processing file /afs/inf.ed.ac.uk/user/p/pbj/praxis/hilton/work5/Code/if_compass/ibit_start.vcg

Processing file /afs/inf.ed.ac.uk/user/p/pbj/praxis/hilton/work5/Code/if_compass/ibit_start.siv

Processing file /afs/inf.ed.ac.uk/user/p/pbj/praxis/hilton/work5/Code/if_compass/ibit_start.slg

Processing file /afs/inf.ed.ac.uk/user/p/pbj/praxis/hilton/work5/Code/if_compass/ibit_stop.vcg

Processing file /afs/inf.ed.ac.uk/user/p/pbj/praxis/hilton/work5/Code/if_compass/ibit_stop.siv

Processing file /afs/inf.ed.ac.uk/user/p/pbj/praxis/hilton/work5/Code/if_compass/ibit_stop.slg

Processing file /afs/inf.ed.ac.uk/user/p/pbj/praxis/hilton/work5/Code/if_compass/init.vcg

Processing file /afs/inf.ed.ac.uk/user/p/pbj/praxis/hilton/work5/Code/if_compass/init.siv

Processing file /afs/inf.ed.ac.uk/user/p/pbj/praxis/hilton/work5/Code/if_compass/init.slg

Processing file /afs/inf.ed.ac.uk/user/p/pbj/praxis/hilton/work5/Code/if_compass/poll.vcg

Processing file /afs/inf.ed.ac.uk/user/p/pbj/praxis/hilton/work5/Code/if_compass/poll.siv

Processing file /afs/inf.ed.ac.uk/user/p/pbj/praxis/hilton/work5/Code/if_compass/poll.slg

Processing file /afs/inf.ed.ac.uk/user/p/pbj/praxis/hilton/work5/Code/if_destruct/get_ibit_state.vcg

Processing file /afs/inf.ed.ac.uk/user/p/pbj/praxis/hilton/work5/Code/if_destruct/get_ibit_state.siv

Processing file /afs/inf.ed.ac.uk/user/p/pbj/praxis/hilton/work5/Code/if_destruct/get_ibit_state.slg

Processing file /afs/inf.ed.ac.uk/user/p/pbj/praxis/hilton/work5/Code/if_destruct/get_stage.vcg

Processing file /afs/inf.ed.ac.uk/user/p/pbj/praxis/hilton/work5/Code/if_destruct/get_stage.siv

Processing file /afs/inf.ed.ac.uk/user/p/pbj/praxis/hilton/work5/Code/if_destruct/get_stage.slg

Processing file /afs/inf.ed.ac.uk/user/p/pbj/praxis/hilton/work5/Code/if_destruct/ibit_start.vcg

Processing file /afs/inf.ed.ac.uk/user/p/pbj/praxis/hilton/work5/Code/if_destruct/ibit_start.siv

Processing file /afs/inf.ed.ac.uk/user/p/pbj/praxis/hilton/work5/Code/if_destruct/ibit_start.slg

Processing file /afs/inf.ed.ac.uk/user/p/pbj/praxis/hilton/work5/Code/if_destruct/ibit_stop.vcg

Processing file /afs/inf.ed.ac.uk/user/p/pbj/praxis/hilton/work5/Code/if_destruct/ibit_stop.siv

Processing file /afs/inf.ed.ac.uk/user/p/pbj/praxis/hilton/work5/Code/if_destruct/ibit_stop.slg

Processing file /afs/inf.ed.ac.uk/user/p/pbj/praxis/hilton/work5/Code/if_destruct/init.vcg

Processing file /afs/inf.ed.ac.uk/user/p/pbj/praxis/hilton/work5/Code/if_destruct/init.siv

Processing file /afs/inf.ed.ac.uk/user/p/pbj/praxis/hilton/work5/Code/if_destruct/init.slg

Processing file /afs/inf.ed.ac.uk/user/p/pbj/praxis/hilton/work5/Code/if_destruct/poll.vcg

Processing file /afs/inf.ed.ac.uk/user/p/pbj/praxis/hilton/work5/Code/if_destruct/poll.siv

Processing file /afs/inf.ed.ac.uk/user/p/pbj/praxis/hilton/work5/Code/if_destruct/poll.slg

Processing file /afs/inf.ed.ac.uk/user/p/pbj/praxis/hilton/work5/Code/if_destruct/set_stage.vcg

Processing file /afs/inf.ed.ac.uk/user/p/pbj/praxis/hilton/work5/Code/if_destruct/set_stage.siv

Processing file /afs/inf.ed.ac.uk/user/p/pbj/praxis/hilton/work5/Code/if_destruct/set_stage.slg

Processing file /afs/inf.ed.ac.uk/user/p/pbj/praxis/hilton/work5/Code/if_fuel/get_ibit_state.vcg

Processing file /afs/inf.ed.ac.uk/user/p/pbj/praxis/hilton/work5/Code/if_fuel/get_ibit_state.siv

Processing file /afs/inf.ed.ac.uk/user/p/pbj/praxis/hilton/work5/Code/if_fuel/get_ibit_state.slg

Processing file /afs/inf.ed.ac.uk/user/p/pbj/praxis/hilton/work5/Code/if_fuel/get_level.vcg

Processing file /afs/inf.ed.ac.uk/user/p/pbj/praxis/hilton/work5/Code/if_fuel/get_level.siv

Processing file /afs/inf.ed.ac.uk/user/p/pbj/praxis/hilton/work5/Code/if_fuel/get_level.slg

Processing file /afs/inf.ed.ac.uk/user/p/pbj/praxis/hilton/work5/Code/if_fuel/ibit_start.vcg

Processing file /afs/inf.ed.ac.uk/user/p/pbj/praxis/hilton/work5/Code/if_fuel/ibit_start.siv

Processing file /afs/inf.ed.ac.uk/user/p/pbj/praxis/hilton/work5/Code/if_fuel/ibit_start.slg

Processing file /afs/inf.ed.ac.uk/user/p/pbj/praxis/hilton/work5/Code/if_fuel/ibit_stop.vcg

Processing file /afs/inf.ed.ac.uk/user/p/pbj/praxis/hilton/work5/Code/if_fuel/ibit_stop.siv

Processing file /afs/inf.ed.ac.uk/user/p/pbj/praxis/hilton/work5/Code/if_fuel/ibit_stop.slg

Processing file /afs/inf.ed.ac.uk/user/p/pbj/praxis/hilton/work5/Code/if_fuel/init.vcg

Processing file /afs/inf.ed.ac.uk/user/p/pbj/praxis/hilton/work5/Code/if_fuel/init.siv

Processing file /afs/inf.ed.ac.uk/user/p/pbj/praxis/hilton/work5/Code/if_fuel/init.slg

Processing file /afs/inf.ed.ac.uk/user/p/pbj/praxis/hilton/work5/Code/if_fuel/poll.vcg

Processing file /afs/inf.ed.ac.uk/user/p/pbj/praxis/hilton/work5/Code/if_fuel/poll.siv

Processing file /afs/inf.ed.ac.uk/user/p/pbj/praxis/hilton/work5/Code/if_fuel/poll.slg

Processing file /afs/inf.ed.ac.uk/user/p/pbj/praxis/hilton/work5/Code/if_fuze/arm.vcg

Processing file /afs/inf.ed.ac.uk/user/p/pbj/praxis/hilton/work5/Code/if_fuze/arm.siv

Processing file /afs/inf.ed.ac.uk/user/p/pbj/praxis/hilton/work5/Code/if_fuze/arm.slg

Processing file /afs/inf.ed.ac.uk/user/p/pbj/praxis/hilton/work5/Code/if_fuze/disarm.vcg

Processing file /afs/inf.ed.ac.uk/user/p/pbj/praxis/hilton/work5/Code/if_fuze/disarm.siv

Processing file /afs/inf.ed.ac.uk/user/p/pbj/praxis/hilton/work5/Code/if_fuze/disarm.slg

Processing file /afs/inf.ed.ac.uk/user/p/pbj/praxis/hilton/work5/Code/if_fuze/get_ibit_state.vcg

Processing file /afs/inf.ed.ac.uk/user/p/pbj/praxis/hilton/work5/Code/if_fuze/get_ibit_state.siv

Processing file /afs/inf.ed.ac.uk/user/p/pbj/praxis/hilton/work5/Code/if_fuze/get_ibit_state.slg

Processing file /afs/inf.ed.ac.uk/user/p/pbj/praxis/hilton/work5/Code/if_fuze/get_state.vcg

Processing file /afs/inf.ed.ac.uk/user/p/pbj/praxis/hilton/work5/Code/if_fuze/get_state.siv

Processing file /afs/inf.ed.ac.uk/user/p/pbj/praxis/hilton/work5/Code/if_fuze/get_state.slg

Processing file /afs/inf.ed.ac.uk/user/p/pbj/praxis/hilton/work5/Code/if_fuze/ibit_start.vcg

Processing file /afs/inf.ed.ac.uk/user/p/pbj/praxis/hilton/work5/Code/if_fuze/ibit_start.siv

Processing file /afs/inf.ed.ac.uk/user/p/pbj/praxis/hilton/work5/Code/if_fuze/ibit_start.slg

Processing file /afs/inf.ed.ac.uk/user/p/pbj/praxis/hilton/work5/Code/if_fuze/ibit_stop.vcg

Processing file /afs/inf.ed.ac.uk/user/p/pbj/praxis/hilton/work5/Code/if_fuze/ibit_stop.siv

Processing file /afs/inf.ed.ac.uk/user/p/pbj/praxis/hilton/work5/Code/if_fuze/ibit_stop.slg

Processing file /afs/inf.ed.ac.uk/user/p/pbj/praxis/hilton/work5/Code/if_fuze/init.vcg

Processing file /afs/inf.ed.ac.uk/user/p/pbj/praxis/hilton/work5/Code/if_fuze/init.siv

Processing file /afs/inf.ed.ac.uk/user/p/pbj/praxis/hilton/work5/Code/if_fuze/init.slg

Processing file /afs/inf.ed.ac.uk/user/p/pbj/praxis/hilton/work5/Code/if_fuze/poll.vcg

Processing file /afs/inf.ed.ac.uk/user/p/pbj/praxis/hilton/work5/Code/if_fuze/poll.siv

Processing file /afs/inf.ed.ac.uk/user/p/pbj/praxis/hilton/work5/Code/if_fuze/poll.slg

Processing file /afs/inf.ed.ac.uk/user/p/pbj/praxis/hilton/work5/Code/if_ins/get_ibit_state.vcg

Processing file /afs/inf.ed.ac.uk/user/p/pbj/praxis/hilton/work5/Code/if_ins/get_ibit_state.siv

Processing file /afs/inf.ed.ac.uk/user/p/pbj/praxis/hilton/work5/Code/if_ins/get_ibit_state.slg

Processing file /afs/inf.ed.ac.uk/user/p/pbj/praxis/hilton/work5/Code/if_ins/get_location.vcg

Processing file /afs/inf.ed.ac.uk/user/p/pbj/praxis/hilton/work5/Code/if_ins/get_location.siv

Processing file /afs/inf.ed.ac.uk/user/p/pbj/praxis/hilton/work5/Code/if_ins/get_location.slg

Processing file /afs/inf.ed.ac.uk/user/p/pbj/praxis/hilton/work5/Code/if_ins/ibit_start.vcg

Processing file /afs/inf.ed.ac.uk/user/p/pbj/praxis/hilton/work5/Code/if_ins/ibit_start.siv

Processing file /afs/inf.ed.ac.uk/user/p/pbj/praxis/hilton/work5/Code/if_ins/ibit_start.slg

Processing file /afs/inf.ed.ac.uk/user/p/pbj/praxis/hilton/work5/Code/if_ins/ibit_stop.vcg

Processing file /afs/inf.ed.ac.uk/user/p/pbj/praxis/hilton/work5/Code/if_ins/ibit_stop.siv

Processing file /afs/inf.ed.ac.uk/user/p/pbj/praxis/hilton/work5/Code/if_ins/ibit_stop.slg

Processing file /afs/inf.ed.ac.uk/user/p/pbj/praxis/hilton/work5/Code/if_ins/init.vcg

Processing file /afs/inf.ed.ac.uk/user/p/pbj/praxis/hilton/work5/Code/if_ins/init.siv

Processing file /afs/inf.ed.ac.uk/user/p/pbj/praxis/hilton/work5/Code/if_ins/init.slg

Processing file /afs/inf.ed.ac.uk/user/p/pbj/praxis/hilton/work5/Code/if_ins/poll.vcg

Processing file /afs/inf.ed.ac.uk/user/p/pbj/praxis/hilton/work5/Code/if_ins/poll.siv

Processing file /afs/inf.ed.ac.uk/user/p/pbj/praxis/hilton/work5/Code/if_ins/poll.slg

Processing file /afs/inf.ed.ac.uk/user/p/pbj/praxis/hilton/work5/Code/if_ins/poll/get_coord.vcg

Processing file /afs/inf.ed.ac.uk/user/p/pbj/praxis/hilton/work5/Code/if_ins/poll/get_coord.siv

Processing file /afs/inf.ed.ac.uk/user/p/pbj/praxis/hilton/work5/Code/if_ins/poll/get_coord.slg

Processing file /afs/inf.ed.ac.uk/user/p/pbj/praxis/hilton/work5/Code/if_ir/get_ibit_state.vcg

Processing file /afs/inf.ed.ac.uk/user/p/pbj/praxis/hilton/work5/Code/if_ir/get_ibit_state.siv

Processing file /afs/inf.ed.ac.uk/user/p/pbj/praxis/hilton/work5/Code/if_ir/get_ibit_state.slg

Processing file /afs/inf.ed.ac.uk/user/p/pbj/praxis/hilton/work5/Code/if_ir/ibit_start.vcg

Processing file /afs/inf.ed.ac.uk/user/p/pbj/praxis/hilton/work5/Code/if_ir/ibit_start.siv

Processing file /afs/inf.ed.ac.uk/user/p/pbj/praxis/hilton/work5/Code/if_ir/ibit_start.slg

Processing file /afs/inf.ed.ac.uk/user/p/pbj/praxis/hilton/work5/Code/if_ir/ibit_stop.vcg

Processing file /afs/inf.ed.ac.uk/user/p/pbj/praxis/hilton/work5/Code/if_ir/ibit_stop.siv

Processing file /afs/inf.ed.ac.uk/user/p/pbj/praxis/hilton/work5/Code/if_ir/ibit_stop.slg

Processing file /afs/inf.ed.ac.uk/user/p/pbj/praxis/hilton/work5/Code/if_ir/init.vcg

Processing file /afs/inf.ed.ac.uk/user/p/pbj/praxis/hilton/work5/Code/if_ir/init.siv

Processing file /afs/inf.ed.ac.uk/user/p/pbj/praxis/hilton/work5/Code/if_ir/init.slg

Processing file /afs/inf.ed.ac.uk/user/p/pbj/praxis/hilton/work5/Code/if_ir/poll.vcg

Processing file /afs/inf.ed.ac.uk/user/p/pbj/praxis/hilton/work5/Code/if_ir/poll.siv

Processing file /afs/inf.ed.ac.uk/user/p/pbj/praxis/hilton/work5/Code/if_ir/poll.slg

Processing file /afs/inf.ed.ac.uk/user/p/pbj/praxis/hilton/work5/Code/if_ir/read_stare.vcg

Processing file /afs/inf.ed.ac.uk/user/p/pbj/praxis/hilton/work5/Code/if_ir/read_stare.siv

Processing file /afs/inf.ed.ac.uk/user/p/pbj/praxis/hilton/work5/Code/if_ir/read_stare.slg

Processing file /afs/inf.ed.ac.uk/user/p/pbj/praxis/hilton/work5/Code/if_ir/read_sweep.vcg

Processing file /afs/inf.ed.ac.uk/user/p/pbj/praxis/hilton/work5/Code/if_ir/read_sweep.siv

Processing file /afs/inf.ed.ac.uk/user/p/pbj/praxis/hilton/work5/Code/if_ir/read_sweep.slg

Processing file /afs/inf.ed.ac.uk/user/p/pbj/praxis/hilton/work5/Code/if_ir/stare.vcg

Processing file /afs/inf.ed.ac.uk/user/p/pbj/praxis/hilton/work5/Code/if_ir/stare.siv

Processing file /afs/inf.ed.ac.uk/user/p/pbj/praxis/hilton/work5/Code/if_ir/stare.slg

Processing file /afs/inf.ed.ac.uk/user/p/pbj/praxis/hilton/work5/Code/if_ir/sweep.vcg

Processing file /afs/inf.ed.ac.uk/user/p/pbj/praxis/hilton/work5/Code/if_ir/sweep.siv

Processing file /afs/inf.ed.ac.uk/user/p/pbj/praxis/hilton/work5/Code/if_ir/sweep.slg

Processing file /afs/inf.ed.ac.uk/user/p/pbj/praxis/hilton/work5/Code/if_motor/get_ibit_state.vcg

Processing file /afs/inf.ed.ac.uk/user/p/pbj/praxis/hilton/work5/Code/if_motor/get_ibit_state.siv

Processing file /afs/inf.ed.ac.uk/user/p/pbj/praxis/hilton/work5/Code/if_motor/get_ibit_state.slg

Processing file /afs/inf.ed.ac.uk/user/p/pbj/praxis/hilton/work5/Code/if_motor/get_thrust.vcg

Processing file /afs/inf.ed.ac.uk/user/p/pbj/praxis/hilton/work5/Code/if_motor/get_thrust.siv

Processing file /afs/inf.ed.ac.uk/user/p/pbj/praxis/hilton/work5/Code/if_motor/get_thrust.slg

Processing file /afs/inf.ed.ac.uk/user/p/pbj/praxis/hilton/work5/Code/if_motor/ibit_start.vcg

Processing file /afs/inf.ed.ac.uk/user/p/pbj/praxis/hilton/work5/Code/if_motor/ibit_start.siv

Processing file /afs/inf.ed.ac.uk/user/p/pbj/praxis/hilton/work5/Code/if_motor/ibit_start.slg

Processing file /afs/inf.ed.ac.uk/user/p/pbj/praxis/hilton/work5/Code/if_motor/ibit_stop.vcg

Processing file /afs/inf.ed.ac.uk/user/p/pbj/praxis/hilton/work5/Code/if_motor/ibit_stop.siv

Processing file /afs/inf.ed.ac.uk/user/p/pbj/praxis/hilton/work5/Code/if_motor/ibit_stop.slg

Processing file /afs/inf.ed.ac.uk/user/p/pbj/praxis/hilton/work5/Code/if_motor/init.vcg

Processing file /afs/inf.ed.ac.uk/user/p/pbj/praxis/hilton/work5/Code/if_motor/init.siv

Processing file /afs/inf.ed.ac.uk/user/p/pbj/praxis/hilton/work5/Code/if_motor/init.slg

Processing file /afs/inf.ed.ac.uk/user/p/pbj/praxis/hilton/work5/Code/if_motor/poll.vcg

Processing file /afs/inf.ed.ac.uk/user/p/pbj/praxis/hilton/work5/Code/if_motor/poll.siv

Processing file /afs/inf.ed.ac.uk/user/p/pbj/praxis/hilton/work5/Code/if_motor/poll.slg

Processing file /afs/inf.ed.ac.uk/user/p/pbj/praxis/hilton/work5/Code/if_motor/set_thrust.vcg

Processing file /afs/inf.ed.ac.uk/user/p/pbj/praxis/hilton/work5/Code/if_motor/set_thrust.siv

Processing file /afs/inf.ed.ac.uk/user/p/pbj/praxis/hilton/work5/Code/if_motor/set_thrust.slg

Processing file /afs/inf.ed.ac.uk/user/p/pbj/praxis/hilton/work5/Code/if_radar/get_ibit_state.vcg

Processing file /afs/inf.ed.ac.uk/user/p/pbj/praxis/hilton/work5/Code/if_radar/get_ibit_state.siv

Processing file /afs/inf.ed.ac.uk/user/p/pbj/praxis/hilton/work5/Code/if_radar/get_ibit_state.slg

Processing file /afs/inf.ed.ac.uk/user/p/pbj/praxis/hilton/work5/Code/if_radar/ibit_start.vcg

Processing file /afs/inf.ed.ac.uk/user/p/pbj/praxis/hilton/work5/Code/if_radar/ibit_start.siv

Processing file /afs/inf.ed.ac.uk/user/p/pbj/praxis/hilton/work5/Code/if_radar/ibit_start.slg

Processing file /afs/inf.ed.ac.uk/user/p/pbj/praxis/hilton/work5/Code/if_radar/ibit_stop.vcg

Processing file /afs/inf.ed.ac.uk/user/p/pbj/praxis/hilton/work5/Code/if_radar/ibit_stop.siv

Processing file /afs/inf.ed.ac.uk/user/p/pbj/praxis/hilton/work5/Code/if_radar/ibit_stop.slg

Processing file /afs/inf.ed.ac.uk/user/p/pbj/praxis/hilton/work5/Code/if_radar/init.vcg

Processing file /afs/inf.ed.ac.uk/user/p/pbj/praxis/hilton/work5/Code/if_radar/init.siv

Processing file /afs/inf.ed.ac.uk/user/p/pbj/praxis/hilton/work5/Code/if_radar/init.slg

Processing file /afs/inf.ed.ac.uk/user/p/pbj/praxis/hilton/work5/Code/if_radar/ping.vcg

Processing file /afs/inf.ed.ac.uk/user/p/pbj/praxis/hilton/work5/Code/if_radar/ping.siv

Processing file /afs/inf.ed.ac.uk/user/p/pbj/praxis/hilton/work5/Code/if_radar/ping.slg

Processing file /afs/inf.ed.ac.uk/user/p/pbj/praxis/hilton/work5/Code/if_radar/poll.vcg

Processing file /afs/inf.ed.ac.uk/user/p/pbj/praxis/hilton/work5/Code/if_radar/poll.siv

Processing file /afs/inf.ed.ac.uk/user/p/pbj/praxis/hilton/work5/Code/if_radar/poll.slg

Processing file /afs/inf.ed.ac.uk/user/p/pbj/praxis/hilton/work5/Code/if_radar/read_ping.vcg

Processing file /afs/inf.ed.ac.uk/user/p/pbj/praxis/hilton/work5/Code/if_radar/read_ping.siv

Processing file /afs/inf.ed.ac.uk/user/p/pbj/praxis/hilton/work5/Code/if_radar/read_ping.slg

Processing file /afs/inf.ed.ac.uk/user/p/pbj/praxis/hilton/work5/Code/if_radar/read_sweep.vcg

Processing file /afs/inf.ed.ac.uk/user/p/pbj/praxis/hilton/work5/Code/if_radar/read_sweep.siv

Processing file /afs/inf.ed.ac.uk/user/p/pbj/praxis/hilton/work5/Code/if_radar/read_sweep.slg

Processing file /afs/inf.ed.ac.uk/user/p/pbj/praxis/hilton/work5/Code/if_radar/sweep.vcg

Processing file /afs/inf.ed.ac.uk/user/p/pbj/praxis/hilton/work5/Code/if_radar/sweep.siv

Processing file /afs/inf.ed.ac.uk/user/p/pbj/praxis/hilton/work5/Code/if_radar/sweep.slg

Processing file /afs/inf.ed.ac.uk/user/p/pbj/praxis/hilton/work5/Code/if_steer/get_deflection.vcg

Processing file /afs/inf.ed.ac.uk/user/p/pbj/praxis/hilton/work5/Code/if_steer/get_deflection.siv

Processing file /afs/inf.ed.ac.uk/user/p/pbj/praxis/hilton/work5/Code/if_steer/get_deflection.slg

Processing file /afs/inf.ed.ac.uk/user/p/pbj/praxis/hilton/work5/Code/if_steer/get_ibit_state.vcg

Processing file /afs/inf.ed.ac.uk/user/p/pbj/praxis/hilton/work5/Code/if_steer/get_ibit_state.siv

Processing file /afs/inf.ed.ac.uk/user/p/pbj/praxis/hilton/work5/Code/if_steer/get_ibit_state.slg

Processing file /afs/inf.ed.ac.uk/user/p/pbj/praxis/hilton/work5/Code/if_steer/ibit_start.vcg

Processing file /afs/inf.ed.ac.uk/user/p/pbj/praxis/hilton/work5/Code/if_steer/ibit_start.siv

Processing file /afs/inf.ed.ac.uk/user/p/pbj/praxis/hilton/work5/Code/if_steer/ibit_start.slg

Processing file /afs/inf.ed.ac.uk/user/p/pbj/praxis/hilton/work5/Code/if_steer/ibit_stop.vcg

Processing file /afs/inf.ed.ac.uk/user/p/pbj/praxis/hilton/work5/Code/if_steer/ibit_stop.siv

Processing file /afs/inf.ed.ac.uk/user/p/pbj/praxis/hilton/work5/Code/if_steer/ibit_stop.slg

Processing file /afs/inf.ed.ac.uk/user/p/pbj/praxis/hilton/work5/Code/if_steer/init.vcg

Processing file /afs/inf.ed.ac.uk/user/p/pbj/praxis/hilton/work5/Code/if_steer/init.siv

Processing file /afs/inf.ed.ac.uk/user/p/pbj/praxis/hilton/work5/Code/if_steer/init.slg

Processing file /afs/inf.ed.ac.uk/user/p/pbj/praxis/hilton/work5/Code/if_steer/poll.vcg

Processing file /afs/inf.ed.ac.uk/user/p/pbj/praxis/hilton/work5/Code/if_steer/poll.siv

Processing file /afs/inf.ed.ac.uk/user/p/pbj/praxis/hilton/work5/Code/if_steer/poll.slg

Processing file /afs/inf.ed.ac.uk/user/p/pbj/praxis/hilton/work5/Code/if_steer/poll/update_fin.vcg

Processing file /afs/inf.ed.ac.uk/user/p/pbj/praxis/hilton/work5/Code/if_steer/poll/update_fin.siv

Processing file /afs/inf.ed.ac.uk/user/p/pbj/praxis/hilton/work5/Code/if_steer/poll/update_fin.slg

Processing file /afs/inf.ed.ac.uk/user/p/pbj/praxis/hilton/work5/Code/if_steer/set_deflection.vcg

Processing file /afs/inf.ed.ac.uk/user/p/pbj/praxis/hilton/work5/Code/if_steer/set_deflection.siv

Processing file /afs/inf.ed.ac.uk/user/p/pbj/praxis/hilton/work5/Code/if_steer/set_deflection.slg

Processing file /afs/inf.ed.ac.uk/user/p/pbj/praxis/hilton/work5/Code/if_warhead/get_ibit_state.vcg

Processing file /afs/inf.ed.ac.uk/user/p/pbj/praxis/hilton/work5/Code/if_warhead/get_ibit_state.siv

Processing file /afs/inf.ed.ac.uk/user/p/pbj/praxis/hilton/work5/Code/if_warhead/get_ibit_state.slg

Processing file /afs/inf.ed.ac.uk/user/p/pbj/praxis/hilton/work5/Code/if_warhead/get_stage.vcg

Processing file /afs/inf.ed.ac.uk/user/p/pbj/praxis/hilton/work5/Code/if_warhead/get_stage.siv

Processing file /afs/inf.ed.ac.uk/user/p/pbj/praxis/hilton/work5/Code/if_warhead/get_stage.slg

Processing file /afs/inf.ed.ac.uk/user/p/pbj/praxis/hilton/work5/Code/if_warhead/ibit_start.vcg

Processing file /afs/inf.ed.ac.uk/user/p/pbj/praxis/hilton/work5/Code/if_warhead/ibit_start.siv

Processing file /afs/inf.ed.ac.uk/user/p/pbj/praxis/hilton/work5/Code/if_warhead/ibit_start.slg

Processing file /afs/inf.ed.ac.uk/user/p/pbj/praxis/hilton/work5/Code/if_warhead/ibit_stop.vcg

Processing file /afs/inf.ed.ac.uk/user/p/pbj/praxis/hilton/work5/Code/if_warhead/ibit_stop.siv

Processing file /afs/inf.ed.ac.uk/user/p/pbj/praxis/hilton/work5/Code/if_warhead/ibit_stop.slg

Processing file /afs/inf.ed.ac.uk/user/p/pbj/praxis/hilton/work5/Code/if_warhead/init.vcg

Processing file /afs/inf.ed.ac.uk/user/p/pbj/praxis/hilton/work5/Code/if_warhead/init.siv

Processing file /afs/inf.ed.ac.uk/user/p/pbj/praxis/hilton/work5/Code/if_warhead/init.slg

Processing file /afs/inf.ed.ac.uk/user/p/pbj/praxis/hilton/work5/Code/if_warhead/poll.vcg

Processing file /afs/inf.ed.ac.uk/user/p/pbj/praxis/hilton/work5/Code/if_warhead/poll.siv

Processing file /afs/inf.ed.ac.uk/user/p/pbj/praxis/hilton/work5/Code/if_warhead/poll.slg

Processing file /afs/inf.ed.ac.uk/user/p/pbj/praxis/hilton/work5/Code/if_warhead/set_stage.vcg

Processing file /afs/inf.ed.ac.uk/user/p/pbj/praxis/hilton/work5/Code/if_warhead/set_stage.siv

Processing file /afs/inf.ed.ac.uk/user/p/pbj/praxis/hilton/work5/Code/if_warhead/set_stage.slg

Processing file /afs/inf.ed.ac.uk/user/p/pbj/praxis/hilton/work5/Code/ins/cycle.vcg

Processing file /afs/inf.ed.ac.uk/user/p/pbj/praxis/hilton/work5/Code/ins/cycle.siv

Processing file /afs/inf.ed.ac.uk/user/p/pbj/praxis/hilton/work5/Code/ins/cycle.slg

Processing file /afs/inf.ed.ac.uk/user/p/pbj/praxis/hilton/work5/Code/ins/cycle/write_distance.vcg

Processing file /afs/inf.ed.ac.uk/user/p/pbj/praxis/hilton/work5/Code/ins/cycle/write_distance.siv

Processing file /afs/inf.ed.ac.uk/user/p/pbj/praxis/hilton/work5/Code/ins/cycle/write_distance.slg

Processing file /afs/inf.ed.ac.uk/user/p/pbj/praxis/hilton/work5/Code/ins/extrapolate_position.vcg

Processing file /afs/inf.ed.ac.uk/user/p/pbj/praxis/hilton/work5/Code/ins/extrapolate_position.siv

Processing file /afs/inf.ed.ac.uk/user/p/pbj/praxis/hilton/work5/Code/ins/extrapolate_position.slg

Processing file /afs/inf.ed.ac.uk/user/p/pbj/praxis/hilton/work5/Code/ins/extrapolate_position/extrapolate_dimension.vcg

Processing file /afs/inf.ed.ac.uk/user/p/pbj/praxis/hilton/work5/Code/ins/extrapolate_position/extrapolate_dimension.siv

Processing file /afs/inf.ed.ac.uk/user/p/pbj/praxis/hilton/work5/Code/ins/extrapolate_position/extrapolate_dimension.slg

Processing file /afs/inf.ed.ac.uk/user/p/pbj/praxis/hilton/work5/Code/ins/fail_next_bit.vcg

Processing file /afs/inf.ed.ac.uk/user/p/pbj/praxis/hilton/work5/Code/ins/fail_next_bit.siv

Processing file /afs/inf.ed.ac.uk/user/p/pbj/praxis/hilton/work5/Code/ins/fail_next_bit.slg

Processing file /afs/inf.ed.ac.uk/user/p/pbj/praxis/hilton/work5/Code/ins/init.vcg

Processing file /afs/inf.ed.ac.uk/user/p/pbj/praxis/hilton/work5/Code/ins/init.siv

Processing file /afs/inf.ed.ac.uk/user/p/pbj/praxis/hilton/work5/Code/ins/init.slg

Processing file /afs/inf.ed.ac.uk/user/p/pbj/praxis/hilton/work5/Code/ins/move.vcg

Processing file /afs/inf.ed.ac.uk/user/p/pbj/praxis/hilton/work5/Code/ins/move.siv

Processing file /afs/inf.ed.ac.uk/user/p/pbj/praxis/hilton/work5/Code/ins/move.slg

Processing file /afs/inf.ed.ac.uk/user/p/pbj/praxis/hilton/work5/Code/ins/read_location.vcg

Processing file /afs/inf.ed.ac.uk/user/p/pbj/praxis/hilton/work5/Code/ins/read_location.siv

Processing file /afs/inf.ed.ac.uk/user/p/pbj/praxis/hilton/work5/Code/ins/read_location.slg

Processing file /afs/inf.ed.ac.uk/user/p/pbj/praxis/hilton/work5/Code/ins/set_location.vcg

Processing file /afs/inf.ed.ac.uk/user/p/pbj/praxis/hilton/work5/Code/ins/set_location.siv

Processing file /afs/inf.ed.ac.uk/user/p/pbj/praxis/hilton/work5/Code/ins/set_location.slg

Processing file /afs/inf.ed.ac.uk/user/p/pbj/praxis/hilton/work5/Code/ins/set_velocity.vcg

Processing file /afs/inf.ed.ac.uk/user/p/pbj/praxis/hilton/work5/Code/ins/set_velocity.siv

Processing file /afs/inf.ed.ac.uk/user/p/pbj/praxis/hilton/work5/Code/ins/set_velocity.slg

Processing file /afs/inf.ed.ac.uk/user/p/pbj/praxis/hilton/work5/Code/ir/cycle.vcg

Processing file /afs/inf.ed.ac.uk/user/p/pbj/praxis/hilton/work5/Code/ir/cycle.siv

Processing file /afs/inf.ed.ac.uk/user/p/pbj/praxis/hilton/work5/Code/ir/cycle.slg

Processing file /afs/inf.ed.ac.uk/user/p/pbj/praxis/hilton/work5/Code/ir/do_stare.vcg

Processing file /afs/inf.ed.ac.uk/user/p/pbj/praxis/hilton/work5/Code/ir/do_stare.siv

Processing file /afs/inf.ed.ac.uk/user/p/pbj/praxis/hilton/work5/Code/ir/do_stare.slg

Processing file /afs/inf.ed.ac.uk/user/p/pbj/praxis/hilton/work5/Code/ir/do_sweep.vcg

Processing file /afs/inf.ed.ac.uk/user/p/pbj/praxis/hilton/work5/Code/ir/do_sweep.siv

Processing file /afs/inf.ed.ac.uk/user/p/pbj/praxis/hilton/work5/Code/ir/do_sweep.slg

Processing file /afs/inf.ed.ac.uk/user/p/pbj/praxis/hilton/work5/Code/ir/do_sweep/derive_grid.vcg

Processing file /afs/inf.ed.ac.uk/user/p/pbj/praxis/hilton/work5/Code/ir/do_sweep/derive_grid.siv

Processing file /afs/inf.ed.ac.uk/user/p/pbj/praxis/hilton/work5/Code/ir/do_sweep/derive_grid.slg

Processing file /afs/inf.ed.ac.uk/user/p/pbj/praxis/hilton/work5/Code/ir/fail_next_bit.vcg

Processing file /afs/inf.ed.ac.uk/user/p/pbj/praxis/hilton/work5/Code/ir/fail_next_bit.siv

Processing file /afs/inf.ed.ac.uk/user/p/pbj/praxis/hilton/work5/Code/ir/fail_next_bit.slg

Processing file /afs/inf.ed.ac.uk/user/p/pbj/praxis/hilton/work5/Code/ir/init.vcg

Processing file /afs/inf.ed.ac.uk/user/p/pbj/praxis/hilton/work5/Code/ir/init.siv

Processing file /afs/inf.ed.ac.uk/user/p/pbj/praxis/hilton/work5/Code/ir/init.slg

Processing file /afs/inf.ed.ac.uk/user/p/pbj/praxis/hilton/work5/Code/ir/read_location.vcg

Processing file /afs/inf.ed.ac.uk/user/p/pbj/praxis/hilton/work5/Code/ir/read_location.siv

Processing file /afs/inf.ed.ac.uk/user/p/pbj/praxis/hilton/work5/Code/ir/read_location.slg

Processing file /afs/inf.ed.ac.uk/user/p/pbj/praxis/hilton/work5/Code/ir/read_sector.vcg

Processing file /afs/inf.ed.ac.uk/user/p/pbj/praxis/hilton/work5/Code/ir/read_sector.siv

Processing file /afs/inf.ed.ac.uk/user/p/pbj/praxis/hilton/work5/Code/ir/read_sector.slg

Processing file /afs/inf.ed.ac.uk/user/p/pbj/praxis/hilton/work5/Code/ir/set_cell_return.vcg

Processing file /afs/inf.ed.ac.uk/user/p/pbj/praxis/hilton/work5/Code/ir/set_cell_return.siv

Processing file /afs/inf.ed.ac.uk/user/p/pbj/praxis/hilton/work5/Code/ir/set_cell_return.slg

Processing file /afs/inf.ed.ac.uk/user/p/pbj/praxis/hilton/work5/Code/ir_cfg/decode_sector.vcg

Processing file /afs/inf.ed.ac.uk/user/p/pbj/praxis/hilton/work5/Code/ir_cfg/decode_sector.siv

Processing file /afs/inf.ed.ac.uk/user/p/pbj/praxis/hilton/work5/Code/ir_cfg/decode_sector.slg

Processing file /afs/inf.ed.ac.uk/user/p/pbj/praxis/hilton/work5/Code/ir_cfg/encode_sector.vcg

Processing file /afs/inf.ed.ac.uk/user/p/pbj/praxis/hilton/work5/Code/ir_cfg/encode_sector.siv

Processing file /afs/inf.ed.ac.uk/user/p/pbj/praxis/hilton/work5/Code/ir_cfg/encode_sector.slg

Processing file /afs/inf.ed.ac.uk/user/p/pbj/praxis/hilton/work5/Code/ir_cfg/sector_to_millirad.vcg

Processing file /afs/inf.ed.ac.uk/user/p/pbj/praxis/hilton/work5/Code/ir_cfg/sector_to_millirad.siv

Processing file /afs/inf.ed.ac.uk/user/p/pbj/praxis/hilton/work5/Code/ir_cfg/sector_to_millirad.slg

Processing file /afs/inf.ed.ac.uk/user/p/pbj/praxis/hilton/work5/Code/measuretypes_/angle_ops/canon.vcg

Processing file /afs/inf.ed.ac.uk/user/p/pbj/praxis/hilton/work5/Code/measuretypes_/angle_ops/canon.siv

Processing file /afs/inf.ed.ac.uk/user/p/pbj/praxis/hilton/work5/Code/measuretypes_/angle_ops/canon.slg

Processing file /afs/inf.ed.ac.uk/user/p/pbj/praxis/hilton/work5/Code/measuretypes_/angle_ops/create_angle.vcg

Processing file /afs/inf.ed.ac.uk/user/p/pbj/praxis/hilton/work5/Code/measuretypes_/angle_ops/create_angle.siv

Processing file /afs/inf.ed.ac.uk/user/p/pbj/praxis/hilton/work5/Code/measuretypes_/angle_ops/create_angle.slg

Processing file /afs/inf.ed.ac.uk/user/p/pbj/praxis/hilton/work5/Code/measuretypes_/angle_ops/degree_to_millirad.vcg

Processing file /afs/inf.ed.ac.uk/user/p/pbj/praxis/hilton/work5/Code/measuretypes_/angle_ops/degree_to_millirad.siv

Processing file /afs/inf.ed.ac.uk/user/p/pbj/praxis/hilton/work5/Code/measuretypes_/angle_ops/degree_to_millirad.slg

Processing file /afs/inf.ed.ac.uk/user/p/pbj/praxis/hilton/work5/Code/measuretypes_/angle_ops/diff.vcg

Processing file /afs/inf.ed.ac.uk/user/p/pbj/praxis/hilton/work5/Code/measuretypes_/angle_ops/diff.siv

Processing file /afs/inf.ed.ac.uk/user/p/pbj/praxis/hilton/work5/Code/measuretypes_/angle_ops/diff.slg

Processing file /afs/inf.ed.ac.uk/user/p/pbj/praxis/hilton/work5/Code/measuretypes_/angle_ops/int_to_millirad.vcg

Processing file /afs/inf.ed.ac.uk/user/p/pbj/praxis/hilton/work5/Code/measuretypes_/angle_ops/int_to_millirad.siv

Processing file /afs/inf.ed.ac.uk/user/p/pbj/praxis/hilton/work5/Code/measuretypes_/angle_ops/int_to_millirad.slg

Processing file /afs/inf.ed.ac.uk/user/p/pbj/praxis/hilton/work5/Code/measuretypes_/angle_ops/millirad_to_word.vcg

Processing file /afs/inf.ed.ac.uk/user/p/pbj/praxis/hilton/work5/Code/measuretypes_/angle_ops/millirad_to_word.siv

Processing file /afs/inf.ed.ac.uk/user/p/pbj/praxis/hilton/work5/Code/measuretypes_/angle_ops/millirad_to_word.slg

Processing file /afs/inf.ed.ac.uk/user/p/pbj/praxis/hilton/work5/Code/measuretypes_/angle_ops/mul.vcg

Processing file /afs/inf.ed.ac.uk/user/p/pbj/praxis/hilton/work5/Code/measuretypes_/angle_ops/mul.siv

Processing file /afs/inf.ed.ac.uk/user/p/pbj/praxis/hilton/work5/Code/measuretypes_/angle_ops/mul.slg

Processing file /afs/inf.ed.ac.uk/user/p/pbj/praxis/hilton/work5/Code/measuretypes_/angle_ops/negate.vcg

Processing file /afs/inf.ed.ac.uk/user/p/pbj/praxis/hilton/work5/Code/measuretypes_/angle_ops/negate.siv

Processing file /afs/inf.ed.ac.uk/user/p/pbj/praxis/hilton/work5/Code/measuretypes_/angle_ops/negate.slg

Processing file /afs/inf.ed.ac.uk/user/p/pbj/praxis/hilton/work5/Code/measuretypes_/angle_ops/round_degree.vcg

Processing file /afs/inf.ed.ac.uk/user/p/pbj/praxis/hilton/work5/Code/measuretypes_/angle_ops/round_degree.siv

Processing file /afs/inf.ed.ac.uk/user/p/pbj/praxis/hilton/work5/Code/measuretypes_/angle_ops/round_degree.slg

Processing file /afs/inf.ed.ac.uk/user/p/pbj/praxis/hilton/work5/Code/measuretypes_/angle_ops/sum.vcg

Processing file /afs/inf.ed.ac.uk/user/p/pbj/praxis/hilton/work5/Code/measuretypes_/angle_ops/sum.siv

Processing file /afs/inf.ed.ac.uk/user/p/pbj/praxis/hilton/work5/Code/measuretypes_/angle_ops/sum.slg

Processing file /afs/inf.ed.ac.uk/user/p/pbj/praxis/hilton/work5/Code/measuretypes_/decode/bit4_array.vcg

Processing file /afs/inf.ed.ac.uk/user/p/pbj/praxis/hilton/work5/Code/measuretypes_/decode/bit4_array.siv

Processing file /afs/inf.ed.ac.uk/user/p/pbj/praxis/hilton/work5/Code/measuretypes_/decode/bit4_array.slg

Processing file /afs/inf.ed.ac.uk/user/p/pbj/praxis/hilton/work5/Code/measuretypes_/decode/kelvin.vcg

Processing file /afs/inf.ed.ac.uk/user/p/pbj/praxis/hilton/work5/Code/measuretypes_/decode/kelvin.siv

Processing file /afs/inf.ed.ac.uk/user/p/pbj/praxis/hilton/work5/Code/measuretypes_/decode/kelvin.slg

Processing file /afs/inf.ed.ac.uk/user/p/pbj/praxis/hilton/work5/Code/measuretypes_/decode/meter.vcg

Processing file /afs/inf.ed.ac.uk/user/p/pbj/praxis/hilton/work5/Code/measuretypes_/decode/meter.siv

Processing file /afs/inf.ed.ac.uk/user/p/pbj/praxis/hilton/work5/Code/measuretypes_/decode/meter.slg

Processing file /afs/inf.ed.ac.uk/user/p/pbj/praxis/hilton/work5/Code/measuretypes_/decode/meter_per_sec.vcg

Processing file /afs/inf.ed.ac.uk/user/p/pbj/praxis/hilton/work5/Code/measuretypes_/decode/meter_per_sec.siv

Processing file /afs/inf.ed.ac.uk/user/p/pbj/praxis/hilton/work5/Code/measuretypes_/decode/meter_per_sec.slg

Processing file /afs/inf.ed.ac.uk/user/p/pbj/praxis/hilton/work5/Code/measuretypes_/decode/meter_single.vcg

Processing file /afs/inf.ed.ac.uk/user/p/pbj/praxis/hilton/work5/Code/measuretypes_/decode/meter_single.siv

Processing file /afs/inf.ed.ac.uk/user/p/pbj/praxis/hilton/work5/Code/measuretypes_/decode/meter_single.slg

Processing file /afs/inf.ed.ac.uk/user/p/pbj/praxis/hilton/work5/Code/measuretypes_/decode/newton.vcg

Processing file /afs/inf.ed.ac.uk/user/p/pbj/praxis/hilton/work5/Code/measuretypes_/decode/newton.siv

Processing file /afs/inf.ed.ac.uk/user/p/pbj/praxis/hilton/work5/Code/measuretypes_/decode/newton.slg

Processing file /afs/inf.ed.ac.uk/user/p/pbj/praxis/hilton/work5/Code/measuretypes_/encode/bit4_array.vcg

Processing file /afs/inf.ed.ac.uk/user/p/pbj/praxis/hilton/work5/Code/measuretypes_/encode/bit4_array.siv

Processing file /afs/inf.ed.ac.uk/user/p/pbj/praxis/hilton/work5/Code/measuretypes_/encode/bit4_array.slg

Processing file /afs/inf.ed.ac.uk/user/p/pbj/praxis/hilton/work5/Code/measuretypes_/encode/kelvin.vcg

Processing file /afs/inf.ed.ac.uk/user/p/pbj/praxis/hilton/work5/Code/measuretypes_/encode/kelvin.siv

Processing file /afs/inf.ed.ac.uk/user/p/pbj/praxis/hilton/work5/Code/measuretypes_/encode/kelvin.slg

Processing file /afs/inf.ed.ac.uk/user/p/pbj/praxis/hilton/work5/Code/measuretypes_/encode/meter.vcg

Processing file /afs/inf.ed.ac.uk/user/p/pbj/praxis/hilton/work5/Code/measuretypes_/encode/meter.siv

Processing file /afs/inf.ed.ac.uk/user/p/pbj/praxis/hilton/work5/Code/measuretypes_/encode/meter.slg

Processing file /afs/inf.ed.ac.uk/user/p/pbj/praxis/hilton/work5/Code/measuretypes_/encode/meter_per_sec.vcg

Processing file /afs/inf.ed.ac.uk/user/p/pbj/praxis/hilton/work5/Code/measuretypes_/encode/meter_per_sec.siv

Processing file /afs/inf.ed.ac.uk/user/p/pbj/praxis/hilton/work5/Code/measuretypes_/encode/meter_per_sec.slg

Processing file /afs/inf.ed.ac.uk/user/p/pbj/praxis/hilton/work5/Code/measuretypes_/encode/meter_single.vcg

Processing file /afs/inf.ed.ac.uk/user/p/pbj/praxis/hilton/work5/Code/measuretypes_/encode/meter_single.siv

Processing file /afs/inf.ed.ac.uk/user/p/pbj/praxis/hilton/work5/Code/measuretypes_/encode/meter_single.slg

Processing file /afs/inf.ed.ac.uk/user/p/pbj/praxis/hilton/work5/Code/measuretypes_/encode/newton.vcg

Processing file /afs/inf.ed.ac.uk/user/p/pbj/praxis/hilton/work5/Code/measuretypes_/encode/newton.siv

Processing file /afs/inf.ed.ac.uk/user/p/pbj/praxis/hilton/work5/Code/measuretypes_/encode/newton.slg

Processing file /afs/inf.ed.ac.uk/user/p/pbj/praxis/hilton/work5/Code/missile/check_ibit.vcg

Processing file /afs/inf.ed.ac.uk/user/p/pbj/praxis/hilton/work5/Code/missile/check_ibit.siv

Processing file /afs/inf.ed.ac.uk/user/p/pbj/praxis/hilton/work5/Code/missile/check_ibit.slg

Processing file /afs/inf.ed.ac.uk/user/p/pbj/praxis/hilton/work5/Code/missile/init.vcg

Processing file /afs/inf.ed.ac.uk/user/p/pbj/praxis/hilton/work5/Code/missile/init.siv

Processing file /afs/inf.ed.ac.uk/user/p/pbj/praxis/hilton/work5/Code/missile/init.slg

Processing file /afs/inf.ed.ac.uk/user/p/pbj/praxis/hilton/work5/Code/missile/poll.vcg

Processing file /afs/inf.ed.ac.uk/user/p/pbj/praxis/hilton/work5/Code/missile/poll.siv

Processing file /afs/inf.ed.ac.uk/user/p/pbj/praxis/hilton/work5/Code/missile/poll.slg

Processing file /afs/inf.ed.ac.uk/user/p/pbj/praxis/hilton/work5/Code/missile/poll/init_ibit.vcg

Processing file /afs/inf.ed.ac.uk/user/p/pbj/praxis/hilton/work5/Code/missile/poll/init_ibit.siv

Processing file /afs/inf.ed.ac.uk/user/p/pbj/praxis/hilton/work5/Code/missile/poll/init_ibit.slg

Processing file /afs/inf.ed.ac.uk/user/p/pbj/praxis/hilton/work5/Code/missile/poll/manage_bit_process.vcg

Processing file /afs/inf.ed.ac.uk/user/p/pbj/praxis/hilton/work5/Code/missile/poll/manage_bit_process.siv

Processing file /afs/inf.ed.ac.uk/user/p/pbj/praxis/hilton/work5/Code/missile/poll/manage_bit_process.slg

Processing file /afs/inf.ed.ac.uk/user/p/pbj/praxis/hilton/work5/Code/missile/poll/manage_boost_process.vcg

Processing file /afs/inf.ed.ac.uk/user/p/pbj/praxis/hilton/work5/Code/missile/poll/manage_boost_process.siv

Processing file /afs/inf.ed.ac.uk/user/p/pbj/praxis/hilton/work5/Code/missile/poll/manage_boost_process.slg

Processing file /afs/inf.ed.ac.uk/user/p/pbj/praxis/hilton/work5/Code/motor/cycle.vcg

Processing file /afs/inf.ed.ac.uk/user/p/pbj/praxis/hilton/work5/Code/motor/cycle.siv

Processing file /afs/inf.ed.ac.uk/user/p/pbj/praxis/hilton/work5/Code/motor/cycle.slg

Processing file /afs/inf.ed.ac.uk/user/p/pbj/praxis/hilton/work5/Code/motor/extrapolate_thrust.vcg

Processing file /afs/inf.ed.ac.uk/user/p/pbj/praxis/hilton/work5/Code/motor/extrapolate_thrust.siv

Processing file /afs/inf.ed.ac.uk/user/p/pbj/praxis/hilton/work5/Code/motor/extrapolate_thrust.slg

Processing file /afs/inf.ed.ac.uk/user/p/pbj/praxis/hilton/work5/Code/motor/fail_next_bit.vcg

Processing file /afs/inf.ed.ac.uk/user/p/pbj/praxis/hilton/work5/Code/motor/fail_next_bit.siv

Processing file /afs/inf.ed.ac.uk/user/p/pbj/praxis/hilton/work5/Code/motor/fail_next_bit.slg

Processing file /afs/inf.ed.ac.uk/user/p/pbj/praxis/hilton/work5/Code/motor/init.vcg

Processing file /afs/inf.ed.ac.uk/user/p/pbj/praxis/hilton/work5/Code/motor/init.siv

Processing file /afs/inf.ed.ac.uk/user/p/pbj/praxis/hilton/work5/Code/motor/init.slg

Processing file /afs/inf.ed.ac.uk/user/p/pbj/praxis/hilton/work5/Code/motor/read_thrust.vcg

Processing file /afs/inf.ed.ac.uk/user/p/pbj/praxis/hilton/work5/Code/motor/read_thrust.siv

Processing file /afs/inf.ed.ac.uk/user/p/pbj/praxis/hilton/work5/Code/motor/read_thrust.slg

Processing file /afs/inf.ed.ac.uk/user/p/pbj/praxis/hilton/work5/Code/motor/set_thrust.vcg

Processing file /afs/inf.ed.ac.uk/user/p/pbj/praxis/hilton/work5/Code/motor/set_thrust.siv

Processing file /afs/inf.ed.ac.uk/user/p/pbj/praxis/hilton/work5/Code/motor/set_thrust.slg

Processing file /afs/inf.ed.ac.uk/user/p/pbj/praxis/hilton/work5/Code/nav/estimate_heading.vcg

Processing file /afs/inf.ed.ac.uk/user/p/pbj/praxis/hilton/work5/Code/nav/estimate_heading.siv

Processing file /afs/inf.ed.ac.uk/user/p/pbj/praxis/hilton/work5/Code/nav/estimate_heading.slg

Processing file /afs/inf.ed.ac.uk/user/p/pbj/praxis/hilton/work5/Code/nav/estimate_height.vcg

Processing file /afs/inf.ed.ac.uk/user/p/pbj/praxis/hilton/work5/Code/nav/estimate_height.siv

Processing file /afs/inf.ed.ac.uk/user/p/pbj/praxis/hilton/work5/Code/nav/estimate_height.slg

Processing file /afs/inf.ed.ac.uk/user/p/pbj/praxis/hilton/work5/Code/nav/estimate_origin_offset.vcg

Processing file /afs/inf.ed.ac.uk/user/p/pbj/praxis/hilton/work5/Code/nav/estimate_origin_offset.siv

Processing file /afs/inf.ed.ac.uk/user/p/pbj/praxis/hilton/work5/Code/nav/estimate_origin_offset.slg

Processing file /afs/inf.ed.ac.uk/user/p/pbj/praxis/hilton/work5/Code/nav/estimate_speed.vcg

Processing file /afs/inf.ed.ac.uk/user/p/pbj/praxis/hilton/work5/Code/nav/estimate_speed.siv

Processing file /afs/inf.ed.ac.uk/user/p/pbj/praxis/hilton/work5/Code/nav/estimate_speed.slg

Processing file /afs/inf.ed.ac.uk/user/p/pbj/praxis/hilton/work5/Code/nav/handle_airspeed.vcg

Processing file /afs/inf.ed.ac.uk/user/p/pbj/praxis/hilton/work5/Code/nav/handle_airspeed.siv

Processing file /afs/inf.ed.ac.uk/user/p/pbj/praxis/hilton/work5/Code/nav/handle_airspeed.slg

Processing file /afs/inf.ed.ac.uk/user/p/pbj/praxis/hilton/work5/Code/nav/handle_barometer.vcg

Processing file /afs/inf.ed.ac.uk/user/p/pbj/praxis/hilton/work5/Code/nav/handle_barometer.siv

Processing file /afs/inf.ed.ac.uk/user/p/pbj/praxis/hilton/work5/Code/nav/handle_barometer.slg

Processing file /afs/inf.ed.ac.uk/user/p/pbj/praxis/hilton/work5/Code/nav/handle_compass.vcg

Processing file /afs/inf.ed.ac.uk/user/p/pbj/praxis/hilton/work5/Code/nav/handle_compass.siv

Processing file /afs/inf.ed.ac.uk/user/p/pbj/praxis/hilton/work5/Code/nav/handle_compass.slg

Processing file /afs/inf.ed.ac.uk/user/p/pbj/praxis/hilton/work5/Code/nav/handle_ins.vcg

Processing file /afs/inf.ed.ac.uk/user/p/pbj/praxis/hilton/work5/Code/nav/handle_ins.siv

Processing file /afs/inf.ed.ac.uk/user/p/pbj/praxis/hilton/work5/Code/nav/handle_ins.slg

Processing file /afs/inf.ed.ac.uk/user/p/pbj/praxis/hilton/work5/Code/nav/maintain.vcg

Processing file /afs/inf.ed.ac.uk/user/p/pbj/praxis/hilton/work5/Code/nav/maintain.siv

Processing file /afs/inf.ed.ac.uk/user/p/pbj/praxis/hilton/work5/Code/nav/maintain.slg

Processing file /afs/inf.ed.ac.uk/user/p/pbj/praxis/hilton/work5/Code/radar/cycle.vcg

Processing file /afs/inf.ed.ac.uk/user/p/pbj/praxis/hilton/work5/Code/radar/cycle.siv

Processing file /afs/inf.ed.ac.uk/user/p/pbj/praxis/hilton/work5/Code/radar/cycle.slg

Processing file /afs/inf.ed.ac.uk/user/p/pbj/praxis/hilton/work5/Code/radar/do_ping.vcg

Processing file /afs/inf.ed.ac.uk/user/p/pbj/praxis/hilton/work5/Code/radar/do_ping.siv

Processing file /afs/inf.ed.ac.uk/user/p/pbj/praxis/hilton/work5/Code/radar/do_ping.slg

Processing file /afs/inf.ed.ac.uk/user/p/pbj/praxis/hilton/work5/Code/radar/fail_next_bit.vcg

Processing file /afs/inf.ed.ac.uk/user/p/pbj/praxis/hilton/work5/Code/radar/fail_next_bit.siv

Processing file /afs/inf.ed.ac.uk/user/p/pbj/praxis/hilton/work5/Code/radar/fail_next_bit.slg

Processing file /afs/inf.ed.ac.uk/user/p/pbj/praxis/hilton/work5/Code/radar/init.vcg

Processing file /afs/inf.ed.ac.uk/user/p/pbj/praxis/hilton/work5/Code/radar/init.siv

Processing file /afs/inf.ed.ac.uk/user/p/pbj/praxis/hilton/work5/Code/radar/init.slg

Processing file /afs/inf.ed.ac.uk/user/p/pbj/praxis/hilton/work5/Code/radar/read_location.vcg

Processing file /afs/inf.ed.ac.uk/user/p/pbj/praxis/hilton/work5/Code/radar/read_location.siv

Processing file /afs/inf.ed.ac.uk/user/p/pbj/praxis/hilton/work5/Code/radar/read_location.slg

Processing file /afs/inf.ed.ac.uk/user/p/pbj/praxis/hilton/work5/Code/radar/read_sector.vcg

Processing file /afs/inf.ed.ac.uk/user/p/pbj/praxis/hilton/work5/Code/radar/read_sector.siv

Processing file /afs/inf.ed.ac.uk/user/p/pbj/praxis/hilton/work5/Code/radar/read_sector.slg

Processing file /afs/inf.ed.ac.uk/user/p/pbj/praxis/hilton/work5/Code/radar/set_bearing_return.vcg

Processing file /afs/inf.ed.ac.uk/user/p/pbj/praxis/hilton/work5/Code/radar/set_bearing_return.siv

Processing file /afs/inf.ed.ac.uk/user/p/pbj/praxis/hilton/work5/Code/radar/set_bearing_return.slg

Processing file /afs/inf.ed.ac.uk/user/p/pbj/praxis/hilton/work5/Code/radar/sweep.vcg

Processing file /afs/inf.ed.ac.uk/user/p/pbj/praxis/hilton/work5/Code/radar/sweep.siv

Processing file /afs/inf.ed.ac.uk/user/p/pbj/praxis/hilton/work5/Code/radar/sweep.slg

Processing file /afs/inf.ed.ac.uk/user/p/pbj/praxis/hilton/work5/Code/radar/sweep/derive_grid.vcg

Processing file /afs/inf.ed.ac.uk/user/p/pbj/praxis/hilton/work5/Code/radar/sweep/derive_grid.siv

Processing file /afs/inf.ed.ac.uk/user/p/pbj/praxis/hilton/work5/Code/radar/sweep/derive_grid.slg

Processing file /afs/inf.ed.ac.uk/user/p/pbj/praxis/hilton/work5/Code/radar_cfg/decode_sector.vcg

Processing file /afs/inf.ed.ac.uk/user/p/pbj/praxis/hilton/work5/Code/radar_cfg/decode_sector.siv

Processing file /afs/inf.ed.ac.uk/user/p/pbj/praxis/hilton/work5/Code/radar_cfg/decode_sector.slg

Processing file /afs/inf.ed.ac.uk/user/p/pbj/praxis/hilton/work5/Code/radar_cfg/encode_sector.vcg

Processing file /afs/inf.ed.ac.uk/user/p/pbj/praxis/hilton/work5/Code/radar_cfg/encode_sector.siv

Processing file /afs/inf.ed.ac.uk/user/p/pbj/praxis/hilton/work5/Code/radar_cfg/encode_sector.slg

Processing file /afs/inf.ed.ac.uk/user/p/pbj/praxis/hilton/work5/Code/radar_cfg/sector_to_millirad.vcg

Processing file /afs/inf.ed.ac.uk/user/p/pbj/praxis/hilton/work5/Code/radar_cfg/sector_to_millirad.siv

Processing file /afs/inf.ed.ac.uk/user/p/pbj/praxis/hilton/work5/Code/radar_cfg/sector_to_millirad.slg

Processing file /afs/inf.ed.ac.uk/user/p/pbj/praxis/hilton/work5/Code/random/get.vcg

Processing file /afs/inf.ed.ac.uk/user/p/pbj/praxis/hilton/work5/Code/random/get.siv

Processing file /afs/inf.ed.ac.uk/user/p/pbj/praxis/hilton/work5/Code/random/get.slg

Processing file /afs/inf.ed.ac.uk/user/p/pbj/praxis/hilton/work5/Code/random/poly1.vcg

Processing file /afs/inf.ed.ac.uk/user/p/pbj/praxis/hilton/work5/Code/random/poly1.siv

Processing file /afs/inf.ed.ac.uk/user/p/pbj/praxis/hilton/work5/Code/random/poly1.slg

Processing file /afs/inf.ed.ac.uk/user/p/pbj/praxis/hilton/work5/Code/random/poly2.vcg

Processing file /afs/inf.ed.ac.uk/user/p/pbj/praxis/hilton/work5/Code/random/poly2.siv

Processing file /afs/inf.ed.ac.uk/user/p/pbj/praxis/hilton/work5/Code/random/poly2.slg

Processing file /afs/inf.ed.ac.uk/user/p/pbj/praxis/hilton/work5/Code/random/seed.vcg

Processing file /afs/inf.ed.ac.uk/user/p/pbj/praxis/hilton/work5/Code/random/seed.siv

Processing file /afs/inf.ed.ac.uk/user/p/pbj/praxis/hilton/work5/Code/random/seed.slg

Processing file /afs/inf.ed.ac.uk/user/p/pbj/praxis/hilton/work5/Code/rt1553/acknowledge_message.vcg

Processing file /afs/inf.ed.ac.uk/user/p/pbj/praxis/hilton/work5/Code/rt1553/acknowledge_message.siv

Processing file /afs/inf.ed.ac.uk/user/p/pbj/praxis/hilton/work5/Code/rt1553/acknowledge_message.slg

Processing file /afs/inf.ed.ac.uk/user/p/pbj/praxis/hilton/work5/Code/rt1553/is_fresh.vcg

Processing file /afs/inf.ed.ac.uk/user/p/pbj/praxis/hilton/work5/Code/rt1553/is_fresh.siv

Processing file /afs/inf.ed.ac.uk/user/p/pbj/praxis/hilton/work5/Code/rt1553/is_fresh.slg

Processing file /afs/inf.ed.ac.uk/user/p/pbj/praxis/hilton/work5/Code/rt1553/is_valid.vcg

Processing file /afs/inf.ed.ac.uk/user/p/pbj/praxis/hilton/work5/Code/rt1553/is_valid.siv

Processing file /afs/inf.ed.ac.uk/user/p/pbj/praxis/hilton/work5/Code/rt1553/is_valid.slg

Processing file /afs/inf.ed.ac.uk/user/p/pbj/praxis/hilton/work5/Code/rt1553/lru_number.vcg

Processing file /afs/inf.ed.ac.uk/user/p/pbj/praxis/hilton/work5/Code/rt1553/lru_number.siv

Processing file /afs/inf.ed.ac.uk/user/p/pbj/praxis/hilton/work5/Code/rt1553/lru_number.slg

Processing file /afs/inf.ed.ac.uk/user/p/pbj/praxis/hilton/work5/Code/rt1553/read_message.vcg

Processing file /afs/inf.ed.ac.uk/user/p/pbj/praxis/hilton/work5/Code/rt1553/read_message.siv

Processing file /afs/inf.ed.ac.uk/user/p/pbj/praxis/hilton/work5/Code/rt1553/read_message.slg

Processing file /afs/inf.ed.ac.uk/user/p/pbj/praxis/hilton/work5/Code/rt1553/read_word.vcg

Processing file /afs/inf.ed.ac.uk/user/p/pbj/praxis/hilton/work5/Code/rt1553/read_word.siv

Processing file /afs/inf.ed.ac.uk/user/p/pbj/praxis/hilton/work5/Code/rt1553/read_word.slg

Processing file /afs/inf.ed.ac.uk/user/p/pbj/praxis/hilton/work5/Code/rt1553/set_message_valid.vcg

Processing file /afs/inf.ed.ac.uk/user/p/pbj/praxis/hilton/work5/Code/rt1553/set_message_valid.siv

Processing file /afs/inf.ed.ac.uk/user/p/pbj/praxis/hilton/work5/Code/rt1553/set_message_valid.slg

Processing file /afs/inf.ed.ac.uk/user/p/pbj/praxis/hilton/work5/Code/rt1553/write_message.vcg

Processing file /afs/inf.ed.ac.uk/user/p/pbj/praxis/hilton/work5/Code/rt1553/write_message.siv

Processing file /afs/inf.ed.ac.uk/user/p/pbj/praxis/hilton/work5/Code/rt1553/write_message.slg

Processing file /afs/inf.ed.ac.uk/user/p/pbj/praxis/hilton/work5/Code/rt1553/write_word.vcg

Processing file /afs/inf.ed.ac.uk/user/p/pbj/praxis/hilton/work5/Code/rt1553/write_word.siv

Processing file /afs/inf.ed.ac.uk/user/p/pbj/praxis/hilton/work5/Code/rt1553/write_word.slg

Processing file /afs/inf.ed.ac.uk/user/p/pbj/praxis/hilton/work5/Code/sensor_history/get_recent_angle.vcg

Processing file /afs/inf.ed.ac.uk/user/p/pbj/praxis/hilton/work5/Code/sensor_history/get_recent_angle.siv

Processing file /afs/inf.ed.ac.uk/user/p/pbj/praxis/hilton/work5/Code/sensor_history/get_recent_angle.slg

Processing file /afs/inf.ed.ac.uk/user/p/pbj/praxis/hilton/work5/Code/sensor_history/get_recent_meter.vcg

Processing file /afs/inf.ed.ac.uk/user/p/pbj/praxis/hilton/work5/Code/sensor_history/get_recent_meter.siv

Processing file /afs/inf.ed.ac.uk/user/p/pbj/praxis/hilton/work5/Code/sensor_history/get_recent_meter.slg

Processing file /afs/inf.ed.ac.uk/user/p/pbj/praxis/hilton/work5/Code/sensor_history/get_recent_speed.vcg

Processing file /afs/inf.ed.ac.uk/user/p/pbj/praxis/hilton/work5/Code/sensor_history/get_recent_speed.siv

Processing file /afs/inf.ed.ac.uk/user/p/pbj/praxis/hilton/work5/Code/sensor_history/get_recent_speed.slg

Processing file /afs/inf.ed.ac.uk/user/p/pbj/praxis/hilton/work5/Code/sensor_history/next_item.vcg

Processing file /afs/inf.ed.ac.uk/user/p/pbj/praxis/hilton/work5/Code/sensor_history/next_item.siv

Processing file /afs/inf.ed.ac.uk/user/p/pbj/praxis/hilton/work5/Code/sensor_history/next_item.slg

Processing file /afs/inf.ed.ac.uk/user/p/pbj/praxis/hilton/work5/Code/sensor_history/previous_item.vcg

Processing file /afs/inf.ed.ac.uk/user/p/pbj/praxis/hilton/work5/Code/sensor_history/previous_item.siv

Processing file /afs/inf.ed.ac.uk/user/p/pbj/praxis/hilton/work5/Code/sensor_history/previous_item.slg

Processing file /afs/inf.ed.ac.uk/user/p/pbj/praxis/hilton/work5/Code/sensor_history/update_angle_reading.vcg

Processing file /afs/inf.ed.ac.uk/user/p/pbj/praxis/hilton/work5/Code/sensor_history/update_angle_reading.siv

Processing file /afs/inf.ed.ac.uk/user/p/pbj/praxis/hilton/work5/Code/sensor_history/update_angle_reading.slg

Processing file /afs/inf.ed.ac.uk/user/p/pbj/praxis/hilton/work5/Code/sensor_history/update_meter_reading.vcg

Processing file /afs/inf.ed.ac.uk/user/p/pbj/praxis/hilton/work5/Code/sensor_history/update_meter_reading.siv

Processing file /afs/inf.ed.ac.uk/user/p/pbj/praxis/hilton/work5/Code/sensor_history/update_meter_reading.slg

Processing file /afs/inf.ed.ac.uk/user/p/pbj/praxis/hilton/work5/Code/sensor_history/update_speed_reading.vcg

Processing file /afs/inf.ed.ac.uk/user/p/pbj/praxis/hilton/work5/Code/sensor_history/update_speed_reading.siv

Processing file /afs/inf.ed.ac.uk/user/p/pbj/praxis/hilton/work5/Code/sensor_history/update_speed_reading.slg

Processing file /afs/inf.ed.ac.uk/user/p/pbj/praxis/hilton/work5/Code/state_types/fuze_action.vcg

Processing file /afs/inf.ed.ac.uk/user/p/pbj/praxis/hilton/work5/Code/state_types/fuze_action.siv

Processing file /afs/inf.ed.ac.uk/user/p/pbj/praxis/hilton/work5/Code/state_types/fuze_action.slg

Processing file /afs/inf.ed.ac.uk/user/p/pbj/praxis/hilton/work5/Code/state_types/ir_action.vcg

Processing file /afs/inf.ed.ac.uk/user/p/pbj/praxis/hilton/work5/Code/state_types/ir_action.siv

Processing file /afs/inf.ed.ac.uk/user/p/pbj/praxis/hilton/work5/Code/state_types/ir_action.slg

Processing file /afs/inf.ed.ac.uk/user/p/pbj/praxis/hilton/work5/Code/state_types/radar_action.vcg

Processing file /afs/inf.ed.ac.uk/user/p/pbj/praxis/hilton/work5/Code/state_types/radar_action.siv

Processing file /afs/inf.ed.ac.uk/user/p/pbj/praxis/hilton/work5/Code/state_types/radar_action.slg

Processing file /afs/inf.ed.ac.uk/user/p/pbj/praxis/hilton/work5/Code/steer/cycle.vcg

Processing file /afs/inf.ed.ac.uk/user/p/pbj/praxis/hilton/work5/Code/steer/cycle.siv

Processing file /afs/inf.ed.ac.uk/user/p/pbj/praxis/hilton/work5/Code/steer/cycle.slg

Processing file /afs/inf.ed.ac.uk/user/p/pbj/praxis/hilton/work5/Code/steer/cycle/read_fin_angle.vcg

Processing file /afs/inf.ed.ac.uk/user/p/pbj/praxis/hilton/work5/Code/steer/cycle/read_fin_angle.siv

Processing file /afs/inf.ed.ac.uk/user/p/pbj/praxis/hilton/work5/Code/steer/cycle/read_fin_angle.slg

Processing file /afs/inf.ed.ac.uk/user/p/pbj/praxis/hilton/work5/Code/steer/cycle/write_fin_angle.vcg

Processing file /afs/inf.ed.ac.uk/user/p/pbj/praxis/hilton/work5/Code/steer/cycle/write_fin_angle.siv

Processing file /afs/inf.ed.ac.uk/user/p/pbj/praxis/hilton/work5/Code/steer/cycle/write_fin_angle.slg

Processing file /afs/inf.ed.ac.uk/user/p/pbj/praxis/hilton/work5/Code/steer/extrapolate_angle.vcg

Processing file /afs/inf.ed.ac.uk/user/p/pbj/praxis/hilton/work5/Code/steer/extrapolate_angle.siv

Processing file /afs/inf.ed.ac.uk/user/p/pbj/praxis/hilton/work5/Code/steer/extrapolate_angle.slg

Processing file /afs/inf.ed.ac.uk/user/p/pbj/praxis/hilton/work5/Code/steer/fail_next_bit.vcg

Processing file /afs/inf.ed.ac.uk/user/p/pbj/praxis/hilton/work5/Code/steer/fail_next_bit.siv

Processing file /afs/inf.ed.ac.uk/user/p/pbj/praxis/hilton/work5/Code/steer/fail_next_bit.slg

Processing file /afs/inf.ed.ac.uk/user/p/pbj/praxis/hilton/work5/Code/steer/init.vcg

Processing file /afs/inf.ed.ac.uk/user/p/pbj/praxis/hilton/work5/Code/steer/init.siv

Processing file /afs/inf.ed.ac.uk/user/p/pbj/praxis/hilton/work5/Code/steer/init.slg

Processing file /afs/inf.ed.ac.uk/user/p/pbj/praxis/hilton/work5/Code/steer/read_deflection.vcg

Processing file /afs/inf.ed.ac.uk/user/p/pbj/praxis/hilton/work5/Code/steer/read_deflection.siv

Processing file /afs/inf.ed.ac.uk/user/p/pbj/praxis/hilton/work5/Code/steer/read_deflection.slg

Processing file /afs/inf.ed.ac.uk/user/p/pbj/praxis/hilton/work5/Code/steer/set_deflection.vcg

Processing file /afs/inf.ed.ac.uk/user/p/pbj/praxis/hilton/work5/Code/steer/set_deflection.siv

Processing file /afs/inf.ed.ac.uk/user/p/pbj/praxis/hilton/work5/Code/steer/set_deflection.slg

Processing file /afs/inf.ed.ac.uk/user/p/pbj/praxis/hilton/work5/Code/steer_cfg_/decode/fin.vcg

Processing file /afs/inf.ed.ac.uk/user/p/pbj/praxis/hilton/work5/Code/steer_cfg_/decode/fin.siv

Processing file /afs/inf.ed.ac.uk/user/p/pbj/praxis/hilton/work5/Code/steer_cfg_/decode/fin.slg

Processing file /afs/inf.ed.ac.uk/user/p/pbj/praxis/hilton/work5/Code/steer_cfg_/decode/fin_angle.vcg

Processing file /afs/inf.ed.ac.uk/user/p/pbj/praxis/hilton/work5/Code/steer_cfg_/decode/fin_angle.siv

Processing file /afs/inf.ed.ac.uk/user/p/pbj/praxis/hilton/work5/Code/steer_cfg_/decode/fin_angle.slg

Processing file /afs/inf.ed.ac.uk/user/p/pbj/praxis/hilton/work5/Code/steer_cfg_/encode/fin.vcg

Processing file /afs/inf.ed.ac.uk/user/p/pbj/praxis/hilton/work5/Code/steer_cfg_/encode/fin.siv

Processing file /afs/inf.ed.ac.uk/user/p/pbj/praxis/hilton/work5/Code/steer_cfg_/encode/fin.slg

Processing file /afs/inf.ed.ac.uk/user/p/pbj/praxis/hilton/work5/Code/steer_cfg_/encode/fin_angle.vcg

Processing file /afs/inf.ed.ac.uk/user/p/pbj/praxis/hilton/work5/Code/steer_cfg_/encode/fin_angle.siv

Processing file /afs/inf.ed.ac.uk/user/p/pbj/praxis/hilton/work5/Code/steer_cfg_/encode/fin_angle.slg

Processing file /afs/inf.ed.ac.uk/user/p/pbj/praxis/hilton/work5/Code/warhead/cycle.vcg

Processing file /afs/inf.ed.ac.uk/user/p/pbj/praxis/hilton/work5/Code/warhead/cycle.siv

Processing file /afs/inf.ed.ac.uk/user/p/pbj/praxis/hilton/work5/Code/warhead/cycle.slg

Processing file /afs/inf.ed.ac.uk/user/p/pbj/praxis/hilton/work5/Code/warhead/fail_next_bit.vcg

Processing file /afs/inf.ed.ac.uk/user/p/pbj/praxis/hilton/work5/Code/warhead/fail_next_bit.siv

Processing file /afs/inf.ed.ac.uk/user/p/pbj/praxis/hilton/work5/Code/warhead/fail_next_bit.slg

Processing file /afs/inf.ed.ac.uk/user/p/pbj/praxis/hilton/work5/Code/warhead/init.vcg

Processing file /afs/inf.ed.ac.uk/user/p/pbj/praxis/hilton/work5/Code/warhead/init.siv

Processing file /afs/inf.ed.ac.uk/user/p/pbj/praxis/hilton/work5/Code/warhead/init.slg

Processing file /afs/inf.ed.ac.uk/user/p/pbj/praxis/hilton/work5/Code/warhead/read_stage.vcg

Processing file /afs/inf.ed.ac.uk/user/p/pbj/praxis/hilton/work5/Code/warhead/read_stage.siv

Processing file /afs/inf.ed.ac.uk/user/p/pbj/praxis/hilton/work5/Code/warhead/read_stage.slg

Processing file /afs/inf.ed.ac.uk/user/p/pbj/praxis/hilton/work5/Code/warhead/set_stage.vcg

Processing file /afs/inf.ed.ac.uk/user/p/pbj/praxis/hilton/work5/Code/warhead/set_stage.siv

Processing file /afs/inf.ed.ac.uk/user/p/pbj/praxis/hilton/work5/Code/warhead/set_stage.slg

Processing file /afs/inf.ed.ac.uk/user/p/pbj/praxis/hilton/work5/Code/warhead/set_timer.vcg

Processing file /afs/inf.ed.ac.uk/user/p/pbj/praxis/hilton/work5/Code/warhead/set_timer.siv

Processing file /afs/inf.ed.ac.uk/user/p/pbj/praxis/hilton/work5/Code/warhead/set_timer.slg

Processing file /afs/inf.ed.ac.uk/user/p/pbj/praxis/hilton/work5/Code/warhead/update_stage.vcg

Processing file /afs/inf.ed.ac.uk/user/p/pbj/praxis/hilton/work5/Code/warhead/update_stage.siv

Processing file /afs/inf.ed.ac.uk/user/p/pbj/praxis/hilton/work5/Code/warhead/update_stage.slg

Processing file /afs/inf.ed.ac.uk/user/p/pbj/praxis/hilton/work5/Code/warhead_cfg/code_to_state.vcg

Processing file /afs/inf.ed.ac.uk/user/p/pbj/praxis/hilton/work5/Code/warhead_cfg/code_to_state.siv

Processing file /afs/inf.ed.ac.uk/user/p/pbj/praxis/hilton/work5/Code/warhead_cfg/code_to_state.slg

Processing file /afs/inf.ed.ac.uk/user/p/pbj/praxis/hilton/work5/Code/warhead_cfg/transition.vcg

Processing file /afs/inf.ed.ac.uk/user/p/pbj/praxis/hilton/work5/Code/warhead_cfg/transition.siv

Processing file /afs/inf.ed.ac.uk/user/p/pbj/praxis/hilton/work5/Code/warhead_cfg/transition.slg

Processing file /afs/inf.ed.ac.uk/user/p/pbj/praxis/hilton/work5/Code/watchdog/check_timeout.vcg

Processing file /afs/inf.ed.ac.uk/user/p/pbj/praxis/hilton/work5/Code/watchdog/check_timeout.siv

Processing file /afs/inf.ed.ac.uk/user/p/pbj/praxis/hilton/work5/Code/watchdog/check_timeout.slg

Processing file /afs/inf.ed.ac.uk/user/p/pbj/praxis/hilton/work5/Code/watchdog/reset.vcg

Processing file /afs/inf.ed.ac.uk/user/p/pbj/praxis/hilton/work5/Code/watchdog/reset.siv

Processing file /afs/inf.ed.ac.uk/user/p/pbj/praxis/hilton/work5/Code/watchdog/reset.slg

