bus/set_rt_message_valid
bus/write_rt_word
bus/write_rt_message
bus/set_bc_message_valid
bus/write_bc_word
bus/write_bc_message
bus/is_rt_fresh
bus/is_rt_valid
bus/read_rt_word
bus/read_rt_message
bus/acknowledge_rt_message
bus/is_bc_fresh
bus/is_bc_valid
bus/read_bc_word
bus/read_bc_message
bus/acknowledge_bc_message
bus/cycle
ins/extrapolate_position/extrapolate_dimension
ins/extrapolate_position
ins/cycle/write_distance
ins/cycle
ins/set_location
ins/move
ins/set_velocity
ins/read_location
ins/fail_next_bit
ins/init
ir/set_cell_return
ir/read_location
ir/do_stare
ir/do_sweep/derive_grid
ir/do_sweep
ir/read_sector
ir/cycle
ir/init
ir/fail_next_bit
nav/handle_airspeed
nav/handle_barometer
nav/handle_ins
nav/handle_compass
nav/estimate_height
nav/estimate_origin_offset
nav/estimate_heading
nav/estimate_speed
nav/maintain
state_types/fuze_action
state_types/radar_action
state_types/ir_action
measuretypes_/angle_ops/canon
measuretypes_/angle_ops/mul
measuretypes_/angle_ops/sum
measuretypes_/angle_ops/negate
measuretypes_/angle_ops/diff
measuretypes_/angle_ops/create_angle
measuretypes_/angle_ops/millirad_to_word
measuretypes_/angle_ops/int_to_millirad
measuretypes_/angle_ops/degree_to_millirad
measuretypes_/angle_ops/round_degree
measuretypes_/encode/kelvin
measuretypes_/encode/newton
measuretypes_/encode/meter
measuretypes_/encode/meter_single
measuretypes_/encode/meter_per_sec
measuretypes_/encode/bit4_array
measuretypes_/decode/kelvin
measuretypes_/decode/newton
measuretypes_/decode/meter
measuretypes_/decode/meter_single
measuretypes_/decode/meter_per_sec
measuretypes_/decode/bit4_array
random/poly1
random/poly2
random/seed
random/get
clock/read
clock/time_valid
clock/reset
clock/cycle
clock_utils/delta_time
clock_utils/add_delay
clock_utils/subtract_delay
flying_object/extrapolate_position/extrapolate_linear
flying_object/extrapolate_position
flying_object/extrapolate_velocity
flying_object/create
flying_object/set_position
flying_object/get_position
flying_object/set_velocity
flying_object/get_velocity
flying_object/set_accel
flying_object/get_accel
environment/find_slot
environment/add_object
environment/set_object_position
environment/get_object_position
environment/set_object_velocity
environment/get_object_velocity
environment/set_object_accel
environment/delete_object
drag/relative_drag_at_altitude
drag/calc_drag
bc1553/lru_number
bc1553/set_message_valid
bc1553/write_word
bc1553/write_message
bc1553/is_fresh
bc1553/is_valid
bc1553/read_word
bc1553/read_message
bc1553/acknowledge_message
rt1553/lru_number
rt1553/set_message_valid
rt1553/write_word
rt1553/write_message
rt1553/read_word
rt1553/read_message
rt1553/acknowledge_message
rt1553/is_fresh
rt1553/is_valid
bus_decode/decode_bool8
bus_decode/decode_byte2
bus_encode/encode_bool8
bus_encode/encode_byte2
steer_cfg_/encode/fin_angle
steer_cfg_/encode/fin
steer_cfg_/decode/fin_angle
steer_cfg_/decode/fin
ibit/state_machine
ibit/rt_state_machine
bit_machine/create
bit_machine/change_state
bit_machine/phase
bit_machine/machine_ticks
bit_machine/init
bit_machine/halt
bit_machine/step
bit_machine/reset
bit_machine/fail_next
watchdog/reset
watchdog/check_timeout
barometer/extrapolate_height
barometer/cycle
barometer/set_altitude_profile
barometer/read_altitude
barometer/fail_next_bit
barometer/init
if_barometer/get_ibit_state
if_barometer/get_height
if_barometer/ibit_start
if_barometer/ibit_stop
if_barometer/poll
if_barometer/init
compass/extrapolate_angle
compass/cycle
compass/set_xy
compass/set_yz
compass/set_dxy
compass/set_dyz
compass/read_xy
compass/read_dxy
compass/read_yz
compass/read_dyz
compass/fail_next_bit
compass/init
if_compass/get_ibit_state
if_compass/get_xy
if_compass/get_yz
if_compass/ibit_start
if_compass/ibit_stop
if_compass/poll
if_compass/init
airspeed/extrapolate_speed
airspeed/cycle
airspeed/set_airspeed_profile
airspeed/read_airspeed
airspeed/read_accel
airspeed/read_bit_status
airspeed/fail_next_bit
airspeed/init
if_airspeed/get_ibit_state
if_airspeed/get_speed
if_airspeed/ibit_start
if_airspeed/ibit_stop
if_airspeed/poll
if_airspeed/init
if_ins/get_ibit_state
if_ins/get_location
if_ins/ibit_start
if_ins/ibit_stop
if_ins/poll/get_coord
if_ins/poll
if_ins/init
fuel/extrapolate_level/extrapolate_mass
fuel/extrapolate_level
fuel/cycle/write_mass
fuel/cycle
fuel/set_level
fuel/set_rate
fuel/read_level
fuel/fail_next_bit
fuel/init
if_fuel/get_ibit_state
if_fuel/get_level
if_fuel/ibit_start
if_fuel/ibit_stop
if_fuel/poll
if_fuel/init
fuze/update_state
fuze/set_state
fuze/cycle
fuze/set_timer
fuze/read_state
fuze/fail_next_bit
fuze/init
if_fuze/get_ibit_state
if_fuze/get_state
if_fuze/arm
if_fuze/disarm
if_fuze/ibit_start
if_fuze/ibit_stop
if_fuze/poll
if_fuze/init
radar_cfg/sector_to_millirad
radar_cfg/encode_sector
radar_cfg/decode_sector
radar/set_bearing_return
radar/read_location
radar/do_ping
radar/sweep/derive_grid
radar/sweep
radar/read_sector
radar/cycle
radar/fail_next_bit
radar/init
if_radar/get_ibit_state
if_radar/ping
if_radar/sweep
if_radar/read_ping
if_radar/read_sweep
if_radar/ibit_start
if_radar/ibit_stop
if_radar/poll
if_radar/init
ir_cfg/sector_to_millirad
ir_cfg/encode_sector
ir_cfg/decode_sector
if_ir/get_ibit_state
if_ir/stare
if_ir/sweep
if_ir/read_stare
if_ir/read_sweep
if_ir/ibit_start
if_ir/ibit_stop
if_ir/poll
if_ir/init
steer/extrapolate_angle
steer/set_deflection
steer/read_deflection
steer/cycle/write_fin_angle
steer/cycle/read_fin_angle
steer/cycle
steer/fail_next_bit
steer/init
if_steer/get_ibit_state
if_steer/get_deflection
if_steer/set_deflection
if_steer/ibit_start
if_steer/ibit_stop
if_steer/poll/update_fin
if_steer/poll
if_steer/init
motor/extrapolate_thrust
motor/set_thrust
motor/read_thrust
motor/cycle
motor/fail_next_bit
motor/init
if_motor/get_ibit_state
if_motor/get_thrust
if_motor/set_thrust
if_motor/ibit_start
if_motor/ibit_stop
if_motor/poll
if_motor/init
warhead_cfg/code_to_state
warhead_cfg/transition
warhead/update_stage
warhead/set_stage
warhead/cycle
warhead/set_timer
warhead/read_stage
warhead/fail_next_bit
warhead/init
if_warhead/get_ibit_state
if_warhead/get_stage
if_warhead/set_stage
if_warhead/ibit_start
if_warhead/ibit_stop
if_warhead/poll
if_warhead/init
destruct_cfg/code_to_state
destruct_cfg/transition
destruct/update_stage
destruct/set_stage
destruct/cycle
destruct/set_timer
destruct/read_stage
destruct/fail_next_bit
destruct/init
if_destruct/get_ibit_state
if_destruct/get_stage
if_destruct/set_stage
if_destruct/ibit_start
if_destruct/ibit_stop
if_destruct/poll
if_destruct/init
sensor_history/next_item
sensor_history/previous_item
sensor_history/get_recent_meter
sensor_history/update_meter_reading
sensor_history/get_recent_angle
sensor_history/get_recent_speed
sensor_history/update_angle_reading
sensor_history/update_speed_reading
missile/init
missile/check_ibit
missile/poll/init_ibit
missile/poll/manage_bit_process
missile/poll/manage_boost_process
missile/poll
