-------------------------------------------------------------------------------
                          Semantic Analysis Summary                            
      POGS Pro Edition, Version 8.1.4, Build Date 20090925, Build 14331        
      Copyright (C) 2009 Praxis High Integrity Systems Ltd., Bath, U.K.        
-------------------------------------------------------------------------------

Reading file structure ...

Processing file /afs/inf.ed.ac.uk/user/p/pbj/praxis/autop/work4/ap/control.vcg

Processing file /afs/inf.ed.ac.uk/user/p/pbj/praxis/autop/work4/ap/control.siv

Processing file /afs/inf.ed.ac.uk/user/p/pbj/praxis/autop/work4/ap/control.slg

Processing file /afs/inf.ed.ac.uk/user/p/pbj/praxis/autop/work4/ap_/altitude/maintain.vcg

Processing file /afs/inf.ed.ac.uk/user/p/pbj/praxis/autop/work4/ap_/altitude/maintain.siv

Processing file /afs/inf.ed.ac.uk/user/p/pbj/praxis/autop/work4/ap_/altitude/maintain.slg

Processing file /afs/inf.ed.ac.uk/user/p/pbj/praxis/autop/work4/ap_/altitude_/pitch/calc_elevator_move.vcg

Processing file /afs/inf.ed.ac.uk/user/p/pbj/praxis/autop/work4/ap_/altitude_/pitch/calc_elevator_move.siv

Processing file /afs/inf.ed.ac.uk/user/p/pbj/praxis/autop/work4/ap_/altitude_/pitch/calc_elevator_move.slg

Processing file /afs/inf.ed.ac.uk/user/p/pbj/praxis/autop/work4/ap_/altitude_/pitch/pitch_ap.vcg

Processing file /afs/inf.ed.ac.uk/user/p/pbj/praxis/autop/work4/ap_/altitude_/pitch/pitch_ap.siv

Processing file /afs/inf.ed.ac.uk/user/p/pbj/praxis/autop/work4/ap_/altitude_/pitch/pitch_ap.slg

Processing file /afs/inf.ed.ac.uk/user/p/pbj/praxis/autop/work4/ap_/altitude_/pitch/target_rate.vcg

Processing file /afs/inf.ed.ac.uk/user/p/pbj/praxis/autop/work4/ap_/altitude_/pitch/target_rate.siv

Processing file /afs/inf.ed.ac.uk/user/p/pbj/praxis/autop/work4/ap_/altitude_/pitch/target_rate.slg

Processing file /afs/inf.ed.ac.uk/user/p/pbj/praxis/autop/work4/ap_/altitude_/pitch/target_roc.vcg

Processing file /afs/inf.ed.ac.uk/user/p/pbj/praxis/autop/work4/ap_/altitude_/pitch/target_roc.siv

Processing file /afs/inf.ed.ac.uk/user/p/pbj/praxis/autop/work4/ap_/altitude_/pitch/target_roc.slg

Processing file /afs/inf.ed.ac.uk/user/p/pbj/praxis/autop/work4/ap_/heading/maintain.vcg

Processing file /afs/inf.ed.ac.uk/user/p/pbj/praxis/autop/work4/ap_/heading/maintain.siv

Processing file /afs/inf.ed.ac.uk/user/p/pbj/praxis/autop/work4/ap_/heading/maintain.slg

Processing file /afs/inf.ed.ac.uk/user/p/pbj/praxis/autop/work4/ap_/heading_/roll/calc_aileron_move.vcg

Processing file /afs/inf.ed.ac.uk/user/p/pbj/praxis/autop/work4/ap_/heading_/roll/calc_aileron_move.siv

Processing file /afs/inf.ed.ac.uk/user/p/pbj/praxis/autop/work4/ap_/heading_/roll/calc_aileron_move.slg

Processing file /afs/inf.ed.ac.uk/user/p/pbj/praxis/autop/work4/ap_/heading_/roll/roll_ap.vcg

Processing file /afs/inf.ed.ac.uk/user/p/pbj/praxis/autop/work4/ap_/heading_/roll/roll_ap.siv

Processing file /afs/inf.ed.ac.uk/user/p/pbj/praxis/autop/work4/ap_/heading_/roll/roll_ap.slg

Processing file /afs/inf.ed.ac.uk/user/p/pbj/praxis/autop/work4/ap_/heading_/roll/target_rate.vcg

Processing file /afs/inf.ed.ac.uk/user/p/pbj/praxis/autop/work4/ap_/heading_/roll/target_rate.siv

Processing file /afs/inf.ed.ac.uk/user/p/pbj/praxis/autop/work4/ap_/heading_/roll/target_rate.slg

Processing file /afs/inf.ed.ac.uk/user/p/pbj/praxis/autop/work4/ap_/heading_/roll/target_ror.vcg

Processing file /afs/inf.ed.ac.uk/user/p/pbj/praxis/autop/work4/ap_/heading_/roll/target_ror.siv

Processing file /afs/inf.ed.ac.uk/user/p/pbj/praxis/autop/work4/ap_/heading_/roll/target_ror.slg

Processing file /afs/inf.ed.ac.uk/user/p/pbj/praxis/autop/work4/ap_/heading_/yaw/calc_rudder_move.vcg

Processing file /afs/inf.ed.ac.uk/user/p/pbj/praxis/autop/work4/ap_/heading_/yaw/calc_rudder_move.siv

Processing file /afs/inf.ed.ac.uk/user/p/pbj/praxis/autop/work4/ap_/heading_/yaw/calc_rudder_move.slg

Processing file /afs/inf.ed.ac.uk/user/p/pbj/praxis/autop/work4/ap_/heading_/yaw/yaw_ap.vcg

Processing file /afs/inf.ed.ac.uk/user/p/pbj/praxis/autop/work4/ap_/heading_/yaw/yaw_ap.siv

Processing file /afs/inf.ed.ac.uk/user/p/pbj/praxis/autop/work4/ap_/heading_/yaw/yaw_ap.slg

Processing file /afs/inf.ed.ac.uk/user/p/pbj/praxis/autop/work4/main.vcg

Processing file /afs/inf.ed.ac.uk/user/p/pbj/praxis/autop/work4/main.siv

Processing file /afs/inf.ed.ac.uk/user/p/pbj/praxis/autop/work4/main.slg

Processing file /afs/inf.ed.ac.uk/user/p/pbj/praxis/autop/work4/scale/heading_offset.vcg

Processing file /afs/inf.ed.ac.uk/user/p/pbj/praxis/autop/work4/scale/heading_offset.siv

Processing file /afs/inf.ed.ac.uk/user/p/pbj/praxis/autop/work4/scale/heading_offset.slg

Processing file /afs/inf.ed.ac.uk/user/p/pbj/praxis/autop/work4/scale/inverse.vcg

Processing file /afs/inf.ed.ac.uk/user/p/pbj/praxis/autop/work4/scale/inverse.siv

Processing file /afs/inf.ed.ac.uk/user/p/pbj/praxis/autop/work4/scale/inverse.slg

Processing file /afs/inf.ed.ac.uk/user/p/pbj/praxis/autop/work4/scale/scale_movement.vcg

Processing file /afs/inf.ed.ac.uk/user/p/pbj/praxis/autop/work4/scale/scale_movement.siv

Processing file /afs/inf.ed.ac.uk/user/p/pbj/praxis/autop/work4/scale/scale_movement.slg

